{"/Users/jeffcraig/Websites/prospect-scraper/games-scraper/index.js": {"path":"/Users/jeffcraig/Websites/prospect-scraper/games-scraper/index.js","statementMap":{"0":{"start":{"line":1,"column":15},"end":{"line":1,"column":32}},"1":{"start":{"line":2,"column":23},"end":{"line":2,"column":43}},"2":{"start":{"line":4,"column":0},"end":{"line":4,"column":15}},"3":{"start":{"line":6,"column":0},"end":{"line":25,"column":1}},"4":{"start":{"line":7,"column":22},"end":{"line":7,"column":65}},"5":{"start":{"line":8,"column":2},"end":{"line":10,"column":3}},"6":{"start":{"line":9,"column":4},"end":{"line":9,"column":70}},"7":{"start":{"line":12,"column":19},"end":{"line":12,"column":68}},"8":{"start":{"line":14,"column":2},"end":{"line":16,"column":3}},"9":{"start":{"line":15,"column":4},"end":{"line":15,"column":15}},"10":{"start":{"line":18,"column":2},"end":{"line":24,"column":3}}},"fnMap":{"0":{"name":"(anonymous_0)","decl":{"start":{"line":6,"column":17},"end":{"line":6,"column":18}},"loc":{"start":{"line":6,"column":43},"end":{"line":25,"column":1}},"line":6}},"branchMap":{"0":{"loc":{"start":{"line":8,"column":2},"end":{"line":10,"column":3}},"type":"if","locations":[{"start":{"line":8,"column":2},"end":{"line":10,"column":3}},{"start":{"line":8,"column":2},"end":{"line":10,"column":3}}],"line":8},"1":{"loc":{"start":{"line":14,"column":2},"end":{"line":16,"column":3}},"type":"if","locations":[{"start":{"line":14,"column":2},"end":{"line":16,"column":3}},{"start":{"line":14,"column":2},"end":{"line":16,"column":3}}],"line":14}},"s":{"0":1,"1":1,"2":1,"3":1,"4":3,"5":3,"6":1,"7":2,"8":2,"9":1,"10":1},"f":{"0":3},"b":{"0":[1,2],"1":[1,1]},"_coverageSchema":"1a1c01bbd47fc00a2c39e90264f33305004495a9","hash":"cca3505ad8454594e31062462f3026f9fcf13ce0"}
,"/Users/jeffcraig/Websites/prospect-scraper/games-scraper/leagues/ahlScraper.js": {"path":"/Users/jeffcraig/Websites/prospect-scraper/games-scraper/leagues/ahlScraper.js","statementMap":{"0":{"start":{"line":1,"column":14},"end":{"line":1,"column":36}},"1":{"start":{"line":9,"column":0},"end":{"line":37,"column":1}},"2":{"start":{"line":10,"column":2},"end":{"line":12,"column":3}},"3":{"start":{"line":11,"column":4},"end":{"line":11,"column":129}},"4":{"start":{"line":14,"column":31},"end":{"line":14,"column":80}},"5":{"start":{"line":15,"column":14},"end":{"line":15,"column":224}},"6":{"start":{"line":17,"column":26},"end":{"line":17,"column":62}},"7":{"start":{"line":19,"column":25},"end":{"line":19,"column":73}},"8":{"start":{"line":20,"column":15},"end":{"line":20,"column":119}},"9":{"start":{"line":20,"column":71},"end":{"line":20,"column":118}},"10":{"start":{"line":22,"column":2},"end":{"line":24,"column":3}},"11":{"start":{"line":23,"column":4},"end":{"line":23,"column":15}},"12":{"start":{"line":26,"column":2},"end":{"line":36,"column":3}}},"fnMap":{"0":{"name":"(anonymous_0)","decl":{"start":{"line":9,"column":17},"end":{"line":9,"column":18}},"loc":{"start":{"line":9,"column":49},"end":{"line":37,"column":1}},"line":9},"1":{"name":"(anonymous_1)","decl":{"start":{"line":20,"column":66},"end":{"line":20,"column":67}},"loc":{"start":{"line":20,"column":71},"end":{"line":20,"column":118}},"line":20}},"branchMap":{"0":{"loc":{"start":{"line":10,"column":2},"end":{"line":12,"column":3}},"type":"if","locations":[{"start":{"line":10,"column":2},"end":{"line":12,"column":3}},{"start":{"line":10,"column":2},"end":{"line":12,"column":3}}],"line":10},"1":{"loc":{"start":{"line":22,"column":2},"end":{"line":24,"column":3}},"type":"if","locations":[{"start":{"line":22,"column":2},"end":{"line":24,"column":3}},{"start":{"line":22,"column":2},"end":{"line":24,"column":3}}],"line":22}},"s":{"0":2,"1":2,"2":4,"3":1,"4":3,"5":3,"6":3,"7":3,"8":3,"9":27,"10":3,"11":1,"12":2},"f":{"0":4,"1":27},"b":{"0":[1,3],"1":[1,2]},"_coverageSchema":"1a1c01bbd47fc00a2c39e90264f33305004495a9","hash":"93d4cd3d85da8582469822eba41874032db87227"}
,"/Users/jeffcraig/Websites/prospect-scraper/games-scraper/leagues/bchlScraper.js": {"path":"/Users/jeffcraig/Websites/prospect-scraper/games-scraper/leagues/bchlScraper.js","statementMap":{"0":{"start":{"line":1,"column":14},"end":{"line":1,"column":36}},"1":{"start":{"line":9,"column":0},"end":{"line":37,"column":1}},"2":{"start":{"line":10,"column":2},"end":{"line":12,"column":3}},"3":{"start":{"line":11,"column":4},"end":{"line":11,"column":129}},"4":{"start":{"line":14,"column":31},"end":{"line":14,"column":80}},"5":{"start":{"line":15,"column":14},"end":{"line":15,"column":211}},"6":{"start":{"line":17,"column":26},"end":{"line":17,"column":62}},"7":{"start":{"line":19,"column":25},"end":{"line":19,"column":73}},"8":{"start":{"line":20,"column":15},"end":{"line":20,"column":119}},"9":{"start":{"line":20,"column":71},"end":{"line":20,"column":118}},"10":{"start":{"line":22,"column":2},"end":{"line":24,"column":3}},"11":{"start":{"line":23,"column":4},"end":{"line":23,"column":15}},"12":{"start":{"line":26,"column":2},"end":{"line":36,"column":3}}},"fnMap":{"0":{"name":"(anonymous_0)","decl":{"start":{"line":9,"column":17},"end":{"line":9,"column":18}},"loc":{"start":{"line":9,"column":49},"end":{"line":37,"column":1}},"line":9},"1":{"name":"(anonymous_1)","decl":{"start":{"line":20,"column":66},"end":{"line":20,"column":67}},"loc":{"start":{"line":20,"column":71},"end":{"line":20,"column":118}},"line":20}},"branchMap":{"0":{"loc":{"start":{"line":10,"column":2},"end":{"line":12,"column":3}},"type":"if","locations":[{"start":{"line":10,"column":2},"end":{"line":12,"column":3}},{"start":{"line":10,"column":2},"end":{"line":12,"column":3}}],"line":10},"1":{"loc":{"start":{"line":22,"column":2},"end":{"line":24,"column":3}},"type":"if","locations":[{"start":{"line":22,"column":2},"end":{"line":24,"column":3}},{"start":{"line":22,"column":2},"end":{"line":24,"column":3}}],"line":22}},"s":{"0":2,"1":2,"2":3,"3":1,"4":2,"5":2,"6":2,"7":2,"8":2,"9":6,"10":2,"11":1,"12":1},"f":{"0":3,"1":6},"b":{"0":[1,2],"1":[1,1]},"_coverageSchema":"1a1c01bbd47fc00a2c39e90264f33305004495a9","hash":"c8f483057b94481600c26536223ee233352045f2"}
,"/Users/jeffcraig/Websites/prospect-scraper/games-scraper/leagues/cze2Scraper.js": {"path":"/Users/jeffcraig/Websites/prospect-scraper/games-scraper/leagues/cze2Scraper.js","statementMap":{"0":{"start":{"line":1,"column":14},"end":{"line":1,"column":36}},"1":{"start":{"line":9,"column":0},"end":{"line":50,"column":1}},"2":{"start":{"line":10,"column":2},"end":{"line":12,"column":3}},"3":{"start":{"line":11,"column":4},"end":{"line":11,"column":130}},"4":{"start":{"line":14,"column":59},"end":{"line":14,"column":109}},"5":{"start":{"line":15,"column":31},"end":{"line":15,"column":80}},"6":{"start":{"line":16,"column":14},"end":{"line":16,"column":69}},"7":{"start":{"line":18,"column":26},"end":{"line":18,"column":62}},"8":{"start":{"line":20,"column":16},"end":{"line":20,"column":18}},"9":{"start":{"line":21,"column":2},"end":{"line":31,"column":4}},"10":{"start":{"line":22,"column":16},"end":{"line":22,"column":36}},"11":{"start":{"line":23,"column":18},"end":{"line":23,"column":20}},"12":{"start":{"line":24,"column":4},"end":{"line":27,"column":6}},"13":{"start":{"line":25,"column":19},"end":{"line":25,"column":93}},"14":{"start":{"line":26,"column":6},"end":{"line":26,"column":22}},"15":{"start":{"line":28,"column":4},"end":{"line":30,"column":5}},"16":{"start":{"line":29,"column":6},"end":{"line":29,"column":23}},"17":{"start":{"line":33,"column":15},"end":{"line":33,"column":89}},"18":{"start":{"line":33,"column":32},"end":{"line":33,"column":88}},"19":{"start":{"line":35,"column":2},"end":{"line":37,"column":3}},"20":{"start":{"line":36,"column":4},"end":{"line":36,"column":15}},"21":{"start":{"line":39,"column":2},"end":{"line":49,"column":3}}},"fnMap":{"0":{"name":"(anonymous_0)","decl":{"start":{"line":9,"column":17},"end":{"line":9,"column":18}},"loc":{"start":{"line":9,"column":49},"end":{"line":50,"column":1}},"line":9},"1":{"name":"(anonymous_1)","decl":{"start":{"line":21,"column":52},"end":{"line":21,"column":53}},"loc":{"start":{"line":21,"column":71},"end":{"line":31,"column":3}},"line":21},"2":{"name":"(anonymous_2)","decl":{"start":{"line":24,"column":24},"end":{"line":24,"column":25}},"loc":{"start":{"line":24,"column":51},"end":{"line":27,"column":5}},"line":24},"3":{"name":"(anonymous_3)","decl":{"start":{"line":33,"column":27},"end":{"line":33,"column":28}},"loc":{"start":{"line":33,"column":32},"end":{"line":33,"column":88}},"line":33}},"branchMap":{"0":{"loc":{"start":{"line":10,"column":2},"end":{"line":12,"column":3}},"type":"if","locations":[{"start":{"line":10,"column":2},"end":{"line":12,"column":3}},{"start":{"line":10,"column":2},"end":{"line":12,"column":3}}],"line":10},"1":{"loc":{"start":{"line":28,"column":4},"end":{"line":30,"column":5}},"type":"if","locations":[{"start":{"line":28,"column":4},"end":{"line":30,"column":5}},{"start":{"line":28,"column":4},"end":{"line":30,"column":5}}],"line":28},"2":{"loc":{"start":{"line":35,"column":2},"end":{"line":37,"column":3}},"type":"if","locations":[{"start":{"line":35,"column":2},"end":{"line":37,"column":3}},{"start":{"line":35,"column":2},"end":{"line":37,"column":3}}],"line":35}},"s":{"0":2,"1":2,"2":5,"3":1,"4":4,"5":4,"6":4,"7":4,"8":4,"9":4,"10":48,"11":48,"12":48,"13":528,"14":528,"15":48,"16":28,"17":4,"18":22,"19":4,"20":2,"21":2},"f":{"0":5,"1":48,"2":528,"3":22},"b":{"0":[1,4],"1":[28,20],"2":[2,2]},"_coverageSchema":"1a1c01bbd47fc00a2c39e90264f33305004495a9","hash":"9b83ee9e2b0b659f36defd63ed0eb9b4338556e6"}
,"/Users/jeffcraig/Websites/prospect-scraper/games-scraper/leagues/czeScraper.js": {"path":"/Users/jeffcraig/Websites/prospect-scraper/games-scraper/leagues/czeScraper.js","statementMap":{"0":{"start":{"line":1,"column":14},"end":{"line":1,"column":36}},"1":{"start":{"line":9,"column":0},"end":{"line":50,"column":1}},"2":{"start":{"line":10,"column":2},"end":{"line":12,"column":3}},"3":{"start":{"line":11,"column":4},"end":{"line":11,"column":129}},"4":{"start":{"line":14,"column":59},"end":{"line":14,"column":109}},"5":{"start":{"line":15,"column":31},"end":{"line":15,"column":80}},"6":{"start":{"line":16,"column":14},"end":{"line":16,"column":69}},"7":{"start":{"line":18,"column":26},"end":{"line":18,"column":62}},"8":{"start":{"line":20,"column":16},"end":{"line":20,"column":18}},"9":{"start":{"line":21,"column":2},"end":{"line":31,"column":4}},"10":{"start":{"line":22,"column":16},"end":{"line":22,"column":36}},"11":{"start":{"line":23,"column":18},"end":{"line":23,"column":20}},"12":{"start":{"line":24,"column":4},"end":{"line":27,"column":6}},"13":{"start":{"line":25,"column":19},"end":{"line":25,"column":93}},"14":{"start":{"line":26,"column":6},"end":{"line":26,"column":22}},"15":{"start":{"line":28,"column":4},"end":{"line":30,"column":5}},"16":{"start":{"line":29,"column":6},"end":{"line":29,"column":23}},"17":{"start":{"line":33,"column":15},"end":{"line":33,"column":89}},"18":{"start":{"line":33,"column":32},"end":{"line":33,"column":88}},"19":{"start":{"line":35,"column":2},"end":{"line":37,"column":3}},"20":{"start":{"line":36,"column":4},"end":{"line":36,"column":15}},"21":{"start":{"line":39,"column":2},"end":{"line":49,"column":3}}},"fnMap":{"0":{"name":"(anonymous_0)","decl":{"start":{"line":9,"column":17},"end":{"line":9,"column":18}},"loc":{"start":{"line":9,"column":49},"end":{"line":50,"column":1}},"line":9},"1":{"name":"(anonymous_1)","decl":{"start":{"line":21,"column":52},"end":{"line":21,"column":53}},"loc":{"start":{"line":21,"column":71},"end":{"line":31,"column":3}},"line":21},"2":{"name":"(anonymous_2)","decl":{"start":{"line":24,"column":24},"end":{"line":24,"column":25}},"loc":{"start":{"line":24,"column":51},"end":{"line":27,"column":5}},"line":24},"3":{"name":"(anonymous_3)","decl":{"start":{"line":33,"column":27},"end":{"line":33,"column":28}},"loc":{"start":{"line":33,"column":32},"end":{"line":33,"column":88}},"line":33}},"branchMap":{"0":{"loc":{"start":{"line":10,"column":2},"end":{"line":12,"column":3}},"type":"if","locations":[{"start":{"line":10,"column":2},"end":{"line":12,"column":3}},{"start":{"line":10,"column":2},"end":{"line":12,"column":3}}],"line":10},"1":{"loc":{"start":{"line":28,"column":4},"end":{"line":30,"column":5}},"type":"if","locations":[{"start":{"line":28,"column":4},"end":{"line":30,"column":5}},{"start":{"line":28,"column":4},"end":{"line":30,"column":5}}],"line":28},"2":{"loc":{"start":{"line":35,"column":2},"end":{"line":37,"column":3}},"type":"if","locations":[{"start":{"line":35,"column":2},"end":{"line":37,"column":3}},{"start":{"line":35,"column":2},"end":{"line":37,"column":3}}],"line":35}},"s":{"0":2,"1":2,"2":4,"3":1,"4":3,"5":3,"6":3,"7":3,"8":3,"9":3,"10":36,"11":36,"12":36,"13":396,"14":396,"15":36,"16":6,"17":3,"18":5,"19":3,"20":2,"21":1},"f":{"0":4,"1":36,"2":396,"3":5},"b":{"0":[1,3],"1":[6,30],"2":[2,1]},"_coverageSchema":"1a1c01bbd47fc00a2c39e90264f33305004495a9","hash":"6640a0fa36b05dca20382998cf6408779ce72823"}
,"/Users/jeffcraig/Websites/prospect-scraper/games-scraper/leagues/index.js": {"path":"/Users/jeffcraig/Websites/prospect-scraper/games-scraper/leagues/index.js","statementMap":{"0":{"start":{"line":1,"column":19},"end":{"line":1,"column":42}},"1":{"start":{"line":2,"column":20},"end":{"line":2,"column":44}},"2":{"start":{"line":3,"column":20},"end":{"line":3,"column":44}},"3":{"start":{"line":4,"column":19},"end":{"line":4,"column":42}},"4":{"start":{"line":5,"column":19},"end":{"line":5,"column":42}},"5":{"start":{"line":6,"column":21},"end":{"line":6,"column":46}},"6":{"start":{"line":7,"column":22},"end":{"line":7,"column":48}},"7":{"start":{"line":8,"column":19},"end":{"line":8,"column":42}},"8":{"start":{"line":9,"column":20},"end":{"line":9,"column":44}},"9":{"start":{"line":10,"column":19},"end":{"line":10,"column":42}},"10":{"start":{"line":11,"column":21},"end":{"line":11,"column":46}},"11":{"start":{"line":12,"column":19},"end":{"line":12,"column":42}},"12":{"start":{"line":13,"column":20},"end":{"line":13,"column":44}},"13":{"start":{"line":14,"column":19},"end":{"line":14,"column":42}},"14":{"start":{"line":15,"column":19},"end":{"line":15,"column":42}},"15":{"start":{"line":17,"column":0},"end":{"line":50,"column":1}}},"fnMap":{},"branchMap":{},"s":{"0":1,"1":1,"2":1,"3":1,"4":1,"5":1,"6":1,"7":1,"8":1,"9":1,"10":1,"11":1,"12":1,"13":1,"14":1,"15":1},"f":{},"b":{},"_coverageSchema":"1a1c01bbd47fc00a2c39e90264f33305004495a9","hash":"e596e2a2c7b3f47709996eb13746eb4c01923639"}
,"/Users/jeffcraig/Websites/prospect-scraper/games-scraper/leagues/khlScraper.js": {"path":"/Users/jeffcraig/Websites/prospect-scraper/games-scraper/leagues/khlScraper.js","statementMap":{"0":{"start":{"line":1,"column":14},"end":{"line":1,"column":36}},"1":{"start":{"line":9,"column":0},"end":{"line":50,"column":1}},"2":{"start":{"line":10,"column":2},"end":{"line":12,"column":3}},"3":{"start":{"line":11,"column":4},"end":{"line":11,"column":129}},"4":{"start":{"line":14,"column":34},"end":{"line":14,"column":84}},"5":{"start":{"line":15,"column":31},"end":{"line":15,"column":80}},"6":{"start":{"line":16,"column":20},"end":{"line":16,"column":106}},"7":{"start":{"line":17,"column":14},"end":{"line":17,"column":64}},"8":{"start":{"line":19,"column":26},"end":{"line":19,"column":62}},"9":{"start":{"line":21,"column":16},"end":{"line":21,"column":18}},"10":{"start":{"line":22,"column":2},"end":{"line":31,"column":4}},"11":{"start":{"line":23,"column":18},"end":{"line":23,"column":20}},"12":{"start":{"line":24,"column":4},"end":{"line":29,"column":8}},"13":{"start":{"line":27,"column":21},"end":{"line":27,"column":95}},"14":{"start":{"line":28,"column":8},"end":{"line":28,"column":24}},"15":{"start":{"line":30,"column":4},"end":{"line":30,"column":21}},"16":{"start":{"line":33,"column":15},"end":{"line":33,"column":82}},"17":{"start":{"line":33,"column":32},"end":{"line":33,"column":81}},"18":{"start":{"line":35,"column":2},"end":{"line":37,"column":3}},"19":{"start":{"line":36,"column":4},"end":{"line":36,"column":15}},"20":{"start":{"line":39,"column":2},"end":{"line":49,"column":3}}},"fnMap":{"0":{"name":"(anonymous_0)","decl":{"start":{"line":9,"column":17},"end":{"line":9,"column":18}},"loc":{"start":{"line":9,"column":49},"end":{"line":50,"column":1}},"line":9},"1":{"name":"(anonymous_1)","decl":{"start":{"line":22,"column":49},"end":{"line":22,"column":50}},"loc":{"start":{"line":22,"column":68},"end":{"line":31,"column":3}},"line":22},"2":{"name":"(anonymous_2)","decl":{"start":{"line":26,"column":12},"end":{"line":26,"column":13}},"loc":{"start":{"line":26,"column":39},"end":{"line":29,"column":7}},"line":26},"3":{"name":"(anonymous_3)","decl":{"start":{"line":33,"column":27},"end":{"line":33,"column":28}},"loc":{"start":{"line":33,"column":32},"end":{"line":33,"column":81}},"line":33}},"branchMap":{"0":{"loc":{"start":{"line":10,"column":2},"end":{"line":12,"column":3}},"type":"if","locations":[{"start":{"line":10,"column":2},"end":{"line":12,"column":3}},{"start":{"line":10,"column":2},"end":{"line":12,"column":3}}],"line":10},"1":{"loc":{"start":{"line":35,"column":2},"end":{"line":37,"column":3}},"type":"if","locations":[{"start":{"line":35,"column":2},"end":{"line":37,"column":3}},{"start":{"line":35,"column":2},"end":{"line":37,"column":3}}],"line":35}},"s":{"0":2,"1":2,"2":4,"3":1,"4":3,"5":3,"6":3,"7":3,"8":3,"9":3,"10":3,"11":126,"12":126,"13":3780,"14":3780,"15":126,"16":3,"17":97,"18":3,"19":1,"20":2},"f":{"0":4,"1":126,"2":3780,"3":97},"b":{"0":[1,3],"1":[1,2]},"_coverageSchema":"1a1c01bbd47fc00a2c39e90264f33305004495a9","hash":"f5acb9599b0fea039f69ce8c5ec420b45676d2f2"}
,"/Users/jeffcraig/Websites/prospect-scraper/games-scraper/leagues/liigaScraper.js": {"path":"/Users/jeffcraig/Websites/prospect-scraper/games-scraper/leagues/liigaScraper.js","statementMap":{"0":{"start":{"line":1,"column":14},"end":{"line":1,"column":36}},"1":{"start":{"line":9,"column":0},"end":{"line":49,"column":1}},"2":{"start":{"line":10,"column":2},"end":{"line":12,"column":3}},"3":{"start":{"line":11,"column":4},"end":{"line":11,"column":131}},"4":{"start":{"line":14,"column":31},"end":{"line":14,"column":81}},"5":{"start":{"line":15,"column":24},"end":{"line":15,"column":73}},"6":{"start":{"line":16,"column":14},"end":{"line":18,"column":94}},"7":{"start":{"line":20,"column":26},"end":{"line":20,"column":62}},"8":{"start":{"line":22,"column":16},"end":{"line":22,"column":18}},"9":{"start":{"line":23,"column":2},"end":{"line":30,"column":4}},"10":{"start":{"line":24,"column":16},"end":{"line":28,"column":25}},"11":{"start":{"line":28,"column":16},"end":{"line":28,"column":24}},"12":{"start":{"line":29,"column":4},"end":{"line":29,"column":19}},"13":{"start":{"line":32,"column":15},"end":{"line":32,"column":67}},"14":{"start":{"line":32,"column":32},"end":{"line":32,"column":66}},"15":{"start":{"line":34,"column":2},"end":{"line":36,"column":3}},"16":{"start":{"line":35,"column":4},"end":{"line":35,"column":15}},"17":{"start":{"line":38,"column":2},"end":{"line":48,"column":3}}},"fnMap":{"0":{"name":"(anonymous_0)","decl":{"start":{"line":9,"column":17},"end":{"line":9,"column":18}},"loc":{"start":{"line":9,"column":49},"end":{"line":49,"column":1}},"line":9},"1":{"name":"(anonymous_1)","decl":{"start":{"line":23,"column":62},"end":{"line":23,"column":63}},"loc":{"start":{"line":23,"column":81},"end":{"line":30,"column":3}},"line":23},"2":{"name":"(anonymous_2)","decl":{"start":{"line":28,"column":11},"end":{"line":28,"column":12}},"loc":{"start":{"line":28,"column":16},"end":{"line":28,"column":24}},"line":28},"3":{"name":"(anonymous_3)","decl":{"start":{"line":32,"column":27},"end":{"line":32,"column":28}},"loc":{"start":{"line":32,"column":32},"end":{"line":32,"column":66}},"line":32}},"branchMap":{"0":{"loc":{"start":{"line":10,"column":2},"end":{"line":12,"column":3}},"type":"if","locations":[{"start":{"line":10,"column":2},"end":{"line":12,"column":3}},{"start":{"line":10,"column":2},"end":{"line":12,"column":3}}],"line":10},"1":{"loc":{"start":{"line":34,"column":2},"end":{"line":36,"column":3}},"type":"if","locations":[{"start":{"line":34,"column":2},"end":{"line":36,"column":3}},{"start":{"line":34,"column":2},"end":{"line":36,"column":3}}],"line":34}},"s":{"0":2,"1":2,"2":3,"3":1,"4":2,"5":2,"6":2,"7":2,"8":2,"9":2,"10":10,"11":260,"12":10,"13":2,"14":8,"15":2,"16":1,"17":1},"f":{"0":3,"1":10,"2":260,"3":8},"b":{"0":[1,2],"1":[1,1]},"_coverageSchema":"1a1c01bbd47fc00a2c39e90264f33305004495a9","hash":"abda85350d327c5d7bf75820201aa5ccc932ed50"}
,"/Users/jeffcraig/Websites/prospect-scraper/games-scraper/leagues/mestisScraper.js": {"path":"/Users/jeffcraig/Websites/prospect-scraper/games-scraper/leagues/mestisScraper.js","statementMap":{"0":{"start":{"line":1,"column":14},"end":{"line":1,"column":36}},"1":{"start":{"line":11,"column":0},"end":{"line":53,"column":1}},"2":{"start":{"line":12,"column":2},"end":{"line":14,"column":3}},"3":{"start":{"line":13,"column":4},"end":{"line":13,"column":84}},"4":{"start":{"line":16,"column":59},"end":{"line":16,"column":108}},"5":{"start":{"line":17,"column":31},"end":{"line":17,"column":80}},"6":{"start":{"line":18,"column":14},"end":{"line":20,"column":94}},"7":{"start":{"line":22,"column":26},"end":{"line":22,"column":62}},"8":{"start":{"line":24,"column":16},"end":{"line":24,"column":18}},"9":{"start":{"line":25,"column":2},"end":{"line":34,"column":4}},"10":{"start":{"line":26,"column":16},"end":{"line":26,"column":18}},"11":{"start":{"line":27,"column":4},"end":{"line":32,"column":8}},"12":{"start":{"line":30,"column":19},"end":{"line":30,"column":55}},"13":{"start":{"line":31,"column":8},"end":{"line":31,"column":20}},"14":{"start":{"line":33,"column":4},"end":{"line":33,"column":19}},"15":{"start":{"line":36,"column":15},"end":{"line":36,"column":89}},"16":{"start":{"line":36,"column":32},"end":{"line":36,"column":88}},"17":{"start":{"line":38,"column":2},"end":{"line":40,"column":3}},"18":{"start":{"line":39,"column":4},"end":{"line":39,"column":15}},"19":{"start":{"line":42,"column":2},"end":{"line":52,"column":3}}},"fnMap":{"0":{"name":"(anonymous_0)","decl":{"start":{"line":11,"column":17},"end":{"line":11,"column":18}},"loc":{"start":{"line":11,"column":49},"end":{"line":53,"column":1}},"line":11},"1":{"name":"(anonymous_1)","decl":{"start":{"line":25,"column":60},"end":{"line":25,"column":61}},"loc":{"start":{"line":25,"column":79},"end":{"line":34,"column":3}},"line":25},"2":{"name":"(anonymous_2)","decl":{"start":{"line":29,"column":12},"end":{"line":29,"column":13}},"loc":{"start":{"line":29,"column":35},"end":{"line":32,"column":7}},"line":29},"3":{"name":"(anonymous_3)","decl":{"start":{"line":36,"column":27},"end":{"line":36,"column":28}},"loc":{"start":{"line":36,"column":32},"end":{"line":36,"column":88}},"line":36}},"branchMap":{"0":{"loc":{"start":{"line":12,"column":2},"end":{"line":14,"column":3}},"type":"if","locations":[{"start":{"line":12,"column":2},"end":{"line":14,"column":3}},{"start":{"line":12,"column":2},"end":{"line":14,"column":3}}],"line":12},"1":{"loc":{"start":{"line":38,"column":2},"end":{"line":40,"column":3}},"type":"if","locations":[{"start":{"line":38,"column":2},"end":{"line":40,"column":3}},{"start":{"line":38,"column":2},"end":{"line":40,"column":3}}],"line":38}},"s":{"0":2,"1":2,"2":3,"3":1,"4":2,"5":2,"6":2,"7":2,"8":2,"9":2,"10":6,"11":6,"12":102,"13":102,"14":6,"15":2,"16":4,"17":2,"18":1,"19":1},"f":{"0":3,"1":6,"2":102,"3":4},"b":{"0":[1,2],"1":[1,1]},"_coverageSchema":"1a1c01bbd47fc00a2c39e90264f33305004495a9","hash":"542721965c72c8c167263d2058ee57113e08c287"}
,"/Users/jeffcraig/Websites/prospect-scraper/games-scraper/leagues/mhlScraper.js": {"path":"/Users/jeffcraig/Websites/prospect-scraper/games-scraper/leagues/mhlScraper.js","statementMap":{"0":{"start":{"line":1,"column":14},"end":{"line":1,"column":36}},"1":{"start":{"line":9,"column":0},"end":{"line":48,"column":1}},"2":{"start":{"line":10,"column":2},"end":{"line":12,"column":3}},"3":{"start":{"line":11,"column":4},"end":{"line":11,"column":129}},"4":{"start":{"line":14,"column":31},"end":{"line":14,"column":80}},"5":{"start":{"line":15,"column":14},"end":{"line":15,"column":74}},"6":{"start":{"line":17,"column":26},"end":{"line":17,"column":62}},"7":{"start":{"line":19,"column":16},"end":{"line":19,"column":18}},"8":{"start":{"line":20,"column":2},"end":{"line":29,"column":4}},"9":{"start":{"line":21,"column":16},"end":{"line":21,"column":18}},"10":{"start":{"line":22,"column":4},"end":{"line":27,"column":8}},"11":{"start":{"line":25,"column":19},"end":{"line":25,"column":55}},"12":{"start":{"line":26,"column":8},"end":{"line":26,"column":20}},"13":{"start":{"line":28,"column":4},"end":{"line":28,"column":19}},"14":{"start":{"line":31,"column":15},"end":{"line":31,"column":67}},"15":{"start":{"line":31,"column":32},"end":{"line":31,"column":66}},"16":{"start":{"line":33,"column":2},"end":{"line":35,"column":3}},"17":{"start":{"line":34,"column":4},"end":{"line":34,"column":15}},"18":{"start":{"line":37,"column":2},"end":{"line":47,"column":3}}},"fnMap":{"0":{"name":"(anonymous_0)","decl":{"start":{"line":9,"column":17},"end":{"line":9,"column":18}},"loc":{"start":{"line":9,"column":49},"end":{"line":48,"column":1}},"line":9},"1":{"name":"(anonymous_1)","decl":{"start":{"line":20,"column":59},"end":{"line":20,"column":60}},"loc":{"start":{"line":20,"column":78},"end":{"line":29,"column":3}},"line":20},"2":{"name":"(anonymous_2)","decl":{"start":{"line":24,"column":12},"end":{"line":24,"column":13}},"loc":{"start":{"line":24,"column":35},"end":{"line":27,"column":7}},"line":24},"3":{"name":"(anonymous_3)","decl":{"start":{"line":31,"column":27},"end":{"line":31,"column":28}},"loc":{"start":{"line":31,"column":32},"end":{"line":31,"column":66}},"line":31}},"branchMap":{"0":{"loc":{"start":{"line":10,"column":2},"end":{"line":12,"column":3}},"type":"if","locations":[{"start":{"line":10,"column":2},"end":{"line":12,"column":3}},{"start":{"line":10,"column":2},"end":{"line":12,"column":3}}],"line":10},"1":{"loc":{"start":{"line":33,"column":2},"end":{"line":35,"column":3}},"type":"if","locations":[{"start":{"line":33,"column":2},"end":{"line":35,"column":3}},{"start":{"line":33,"column":2},"end":{"line":35,"column":3}}],"line":33}},"s":{"0":2,"1":2,"2":3,"3":1,"4":2,"5":2,"6":2,"7":2,"8":2,"9":30,"10":30,"11":758,"12":758,"13":30,"14":2,"15":24,"16":2,"17":1,"18":1},"f":{"0":3,"1":30,"2":758,"3":24},"b":{"0":[1,2],"1":[1,1]},"_coverageSchema":"1a1c01bbd47fc00a2c39e90264f33305004495a9","hash":"9bae785e90d4a7146a6257d93216025a29dcac8a"}
,"/Users/jeffcraig/Websites/prospect-scraper/games-scraper/leagues/ncaaScraper.js": {"path":"/Users/jeffcraig/Websites/prospect-scraper/games-scraper/leagues/ncaaScraper.js","statementMap":{"0":{"start":{"line":1,"column":14},"end":{"line":1,"column":36}},"1":{"start":{"line":9,"column":0},"end":{"line":69,"column":1}},"2":{"start":{"line":10,"column":2},"end":{"line":12,"column":3}},"3":{"start":{"line":11,"column":4},"end":{"line":11,"column":130}},"4":{"start":{"line":14,"column":22},"end":{"line":14,"column":62}},"5":{"start":{"line":15,"column":31},"end":{"line":15,"column":80}},"6":{"start":{"line":16,"column":14},"end":{"line":16,"column":107}},"7":{"start":{"line":18,"column":26},"end":{"line":18,"column":62}},"8":{"start":{"line":20,"column":16},"end":{"line":20,"column":18}},"9":{"start":{"line":21,"column":2},"end":{"line":30,"column":3}},"10":{"start":{"line":23,"column":18},"end":{"line":27,"column":27}},"11":{"start":{"line":27,"column":18},"end":{"line":27,"column":26}},"12":{"start":{"line":28,"column":6},"end":{"line":28,"column":21}},"13":{"start":{"line":33,"column":31},"end":{"line":33,"column":88}},"14":{"start":{"line":34,"column":29},"end":{"line":34,"column":82}},"15":{"start":{"line":35,"column":28},"end":{"line":35,"column":80}},"16":{"start":{"line":36,"column":25},"end":{"line":36,"column":70}},"17":{"start":{"line":38,"column":2},"end":{"line":47,"column":3}},"18":{"start":{"line":44,"column":4},"end":{"line":46,"column":5}},"19":{"start":{"line":49,"column":15},"end":{"line":49,"column":67}},"20":{"start":{"line":49,"column":32},"end":{"line":49,"column":66}},"21":{"start":{"line":50,"column":2},"end":{"line":52,"column":3}},"22":{"start":{"line":51,"column":4},"end":{"line":51,"column":15}},"23":{"start":{"line":54,"column":35},"end":{"line":54,"column":66}},"24":{"start":{"line":54,"column":63},"end":{"line":54,"column":65}},"25":{"start":{"line":55,"column":26},"end":{"line":55,"column":55}},"26":{"start":{"line":56,"column":16},"end":{"line":56,"column":25}},"27":{"start":{"line":58,"column":2},"end":{"line":68,"column":3}}},"fnMap":{"0":{"name":"(anonymous_0)","decl":{"start":{"line":9,"column":17},"end":{"line":9,"column":18}},"loc":{"start":{"line":9,"column":49},"end":{"line":69,"column":1}},"line":9},"1":{"name":"(anonymous_1)","decl":{"start":{"line":22,"column":4},"end":{"line":22,"column":5}},"loc":{"start":{"line":22,"column":23},"end":{"line":29,"column":5}},"line":22},"2":{"name":"(anonymous_2)","decl":{"start":{"line":27,"column":13},"end":{"line":27,"column":14}},"loc":{"start":{"line":27,"column":18},"end":{"line":27,"column":26}},"line":27},"3":{"name":"(anonymous_3)","decl":{"start":{"line":49,"column":27},"end":{"line":49,"column":28}},"loc":{"start":{"line":49,"column":32},"end":{"line":49,"column":66}},"line":49},"4":{"name":"(anonymous_4)","decl":{"start":{"line":54,"column":58},"end":{"line":54,"column":59}},"loc":{"start":{"line":54,"column":63},"end":{"line":54,"column":65}},"line":54}},"branchMap":{"0":{"loc":{"start":{"line":10,"column":2},"end":{"line":12,"column":3}},"type":"if","locations":[{"start":{"line":10,"column":2},"end":{"line":12,"column":3}},{"start":{"line":10,"column":2},"end":{"line":12,"column":3}}],"line":10},"1":{"loc":{"start":{"line":38,"column":2},"end":{"line":47,"column":3}},"type":"if","locations":[{"start":{"line":38,"column":2},"end":{"line":47,"column":3}},{"start":{"line":38,"column":2},"end":{"line":47,"column":3}}],"line":38},"2":{"loc":{"start":{"line":39,"column":4},"end":{"line":42,"column":50}},"type":"binary-expr","locations":[{"start":{"line":39,"column":4},"end":{"line":39,"column":25}},{"start":{"line":40,"column":4},"end":{"line":40,"column":53}},{"start":{"line":41,"column":4},"end":{"line":41,"column":54}},{"start":{"line":42,"column":4},"end":{"line":42,"column":50}}],"line":39},"3":{"loc":{"start":{"line":50,"column":2},"end":{"line":52,"column":3}},"type":"if","locations":[{"start":{"line":50,"column":2},"end":{"line":52,"column":3}},{"start":{"line":50,"column":2},"end":{"line":52,"column":3}}],"line":50}},"s":{"0":2,"1":2,"2":5,"3":1,"4":4,"5":4,"6":4,"7":4,"8":4,"9":4,"10":156,"11":1840,"12":156,"13":4,"14":4,"15":4,"16":4,"17":4,"18":2,"19":2,"20":48,"21":2,"22":1,"23":1,"24":3,"25":1,"26":1,"27":1},"f":{"0":5,"1":156,"2":1840,"3":48,"4":3},"b":{"0":[1,4],"1":[2,2],"2":[4,4,3,3],"3":[1,1]},"_coverageSchema":"1a1c01bbd47fc00a2c39e90264f33305004495a9","hash":"219bc0b855aecc973782d8ab6c9365e669871b26"}
,"/Users/jeffcraig/Websites/prospect-scraper/games-scraper/leagues/ohlScraper.js": {"path":"/Users/jeffcraig/Websites/prospect-scraper/games-scraper/leagues/ohlScraper.js","statementMap":{"0":{"start":{"line":1,"column":14},"end":{"line":1,"column":36}},"1":{"start":{"line":9,"column":0},"end":{"line":36,"column":1}},"2":{"start":{"line":10,"column":2},"end":{"line":12,"column":3}},"3":{"start":{"line":11,"column":4},"end":{"line":11,"column":129}},"4":{"start":{"line":14,"column":31},"end":{"line":14,"column":80}},"5":{"start":{"line":15,"column":14},"end":{"line":15,"column":186}},"6":{"start":{"line":17,"column":26},"end":{"line":17,"column":62}},"7":{"start":{"line":19,"column":15},"end":{"line":19,"column":110}},"8":{"start":{"line":19,"column":66},"end":{"line":19,"column":109}},"9":{"start":{"line":21,"column":2},"end":{"line":23,"column":3}},"10":{"start":{"line":22,"column":4},"end":{"line":22,"column":15}},"11":{"start":{"line":25,"column":2},"end":{"line":35,"column":3}}},"fnMap":{"0":{"name":"(anonymous_0)","decl":{"start":{"line":9,"column":17},"end":{"line":9,"column":18}},"loc":{"start":{"line":9,"column":49},"end":{"line":36,"column":1}},"line":9},"1":{"name":"(anonymous_1)","decl":{"start":{"line":19,"column":61},"end":{"line":19,"column":62}},"loc":{"start":{"line":19,"column":66},"end":{"line":19,"column":109}},"line":19}},"branchMap":{"0":{"loc":{"start":{"line":10,"column":2},"end":{"line":12,"column":3}},"type":"if","locations":[{"start":{"line":10,"column":2},"end":{"line":12,"column":3}},{"start":{"line":10,"column":2},"end":{"line":12,"column":3}}],"line":10},"1":{"loc":{"start":{"line":21,"column":2},"end":{"line":23,"column":3}},"type":"if","locations":[{"start":{"line":21,"column":2},"end":{"line":23,"column":3}},{"start":{"line":21,"column":2},"end":{"line":23,"column":3}}],"line":21}},"s":{"0":2,"1":2,"2":3,"3":1,"4":2,"5":2,"6":2,"7":2,"8":64,"9":2,"10":1,"11":1},"f":{"0":3,"1":64},"b":{"0":[1,2],"1":[1,1]},"_coverageSchema":"1a1c01bbd47fc00a2c39e90264f33305004495a9","hash":"debe18b6e895a4c5a9a2929e3a47d7f6a4eaf375"}
,"/Users/jeffcraig/Websites/prospect-scraper/games-scraper/leagues/qmjhlScraper.js": {"path":"/Users/jeffcraig/Websites/prospect-scraper/games-scraper/leagues/qmjhlScraper.js","statementMap":{"0":{"start":{"line":1,"column":14},"end":{"line":1,"column":36}},"1":{"start":{"line":9,"column":24},"end":{"line":9,"column":29}},"2":{"start":{"line":11,"column":0},"end":{"line":38,"column":1}},"3":{"start":{"line":12,"column":2},"end":{"line":14,"column":3}},"4":{"start":{"line":13,"column":4},"end":{"line":13,"column":131}},"5":{"start":{"line":16,"column":31},"end":{"line":16,"column":80}},"6":{"start":{"line":17,"column":20},"end":{"line":17,"column":85}},"7":{"start":{"line":18,"column":14},"end":{"line":18,"column":242}},"8":{"start":{"line":19,"column":26},"end":{"line":19,"column":62}},"9":{"start":{"line":21,"column":15},"end":{"line":21,"column":139}},"10":{"start":{"line":21,"column":97},"end":{"line":21,"column":138}},"11":{"start":{"line":23,"column":2},"end":{"line":25,"column":3}},"12":{"start":{"line":24,"column":4},"end":{"line":24,"column":15}},"13":{"start":{"line":27,"column":2},"end":{"line":37,"column":3}}},"fnMap":{"0":{"name":"(anonymous_0)","decl":{"start":{"line":11,"column":17},"end":{"line":11,"column":18}},"loc":{"start":{"line":11,"column":49},"end":{"line":38,"column":1}},"line":11},"1":{"name":"(anonymous_1)","decl":{"start":{"line":21,"column":76},"end":{"line":21,"column":77}},"loc":{"start":{"line":21,"column":97},"end":{"line":21,"column":138}},"line":21}},"branchMap":{"0":{"loc":{"start":{"line":12,"column":2},"end":{"line":14,"column":3}},"type":"if","locations":[{"start":{"line":12,"column":2},"end":{"line":14,"column":3}},{"start":{"line":12,"column":2},"end":{"line":14,"column":3}}],"line":12},"1":{"loc":{"start":{"line":23,"column":2},"end":{"line":25,"column":3}},"type":"if","locations":[{"start":{"line":23,"column":2},"end":{"line":25,"column":3}},{"start":{"line":23,"column":2},"end":{"line":25,"column":3}}],"line":23},"2":{"loc":{"start":{"line":31,"column":11},"end":{"line":31,"column":47}},"type":"cond-expr","locations":[{"start":{"line":31,"column":32},"end":{"line":31,"column":33}},{"start":{"line":31,"column":36},"end":{"line":31,"column":47}}],"line":31},"3":{"loc":{"start":{"line":32,"column":13},"end":{"line":32,"column":53}},"type":"cond-expr","locations":[{"start":{"line":32,"column":36},"end":{"line":32,"column":37}},{"start":{"line":32,"column":40},"end":{"line":32,"column":53}}],"line":32},"4":{"loc":{"start":{"line":33,"column":12},"end":{"line":33,"column":50}},"type":"cond-expr","locations":[{"start":{"line":33,"column":34},"end":{"line":33,"column":35}},{"start":{"line":33,"column":38},"end":{"line":33,"column":50}}],"line":33},"5":{"loc":{"start":{"line":34,"column":11},"end":{"line":34,"column":47}},"type":"cond-expr","locations":[{"start":{"line":34,"column":32},"end":{"line":34,"column":33}},{"start":{"line":34,"column":36},"end":{"line":34,"column":47}}],"line":34},"6":{"loc":{"start":{"line":35,"column":21},"end":{"line":35,"column":77}},"type":"cond-expr","locations":[{"start":{"line":35,"column":52},"end":{"line":35,"column":53}},{"start":{"line":35,"column":56},"end":{"line":35,"column":77}}],"line":35}},"s":{"0":2,"1":2,"2":2,"3":4,"4":1,"5":3,"6":3,"7":3,"8":3,"9":3,"10":6,"11":3,"12":1,"13":2},"f":{"0":4,"1":6},"b":{"0":[1,3],"1":[1,2],"2":[1,1],"3":[1,1],"4":[1,1],"5":[1,1],"6":[1,1]},"_coverageSchema":"1a1c01bbd47fc00a2c39e90264f33305004495a9","hash":"8406e5d5cd586e1cd9c31988700f08082a7249ac"}
,"/Users/jeffcraig/Websites/prospect-scraper/games-scraper/leagues/sarja20Scraper.js": {"path":"/Users/jeffcraig/Websites/prospect-scraper/games-scraper/leagues/sarja20Scraper.js","statementMap":{"0":{"start":{"line":1,"column":14},"end":{"line":1,"column":36}},"1":{"start":{"line":11,"column":0},"end":{"line":39,"column":1}},"2":{"start":{"line":12,"column":2},"end":{"line":14,"column":3}},"3":{"start":{"line":13,"column":4},"end":{"line":13,"column":88}},"4":{"start":{"line":16,"column":24},"end":{"line":16,"column":78}},"5":{"start":{"line":17,"column":31},"end":{"line":17,"column":80}},"6":{"start":{"line":18,"column":14},"end":{"line":18,"column":176}},"7":{"start":{"line":20,"column":26},"end":{"line":20,"column":62}},"8":{"start":{"line":22,"column":15},"end":{"line":22,"column":120}},"9":{"start":{"line":22,"column":81},"end":{"line":22,"column":119}},"10":{"start":{"line":24,"column":2},"end":{"line":26,"column":3}},"11":{"start":{"line":25,"column":4},"end":{"line":25,"column":15}},"12":{"start":{"line":28,"column":2},"end":{"line":38,"column":3}}},"fnMap":{"0":{"name":"(anonymous_0)","decl":{"start":{"line":11,"column":17},"end":{"line":11,"column":18}},"loc":{"start":{"line":11,"column":49},"end":{"line":39,"column":1}},"line":11},"1":{"name":"(anonymous_1)","decl":{"start":{"line":22,"column":53},"end":{"line":22,"column":54}},"loc":{"start":{"line":22,"column":81},"end":{"line":22,"column":119}},"line":22}},"branchMap":{"0":{"loc":{"start":{"line":12,"column":2},"end":{"line":14,"column":3}},"type":"if","locations":[{"start":{"line":12,"column":2},"end":{"line":14,"column":3}},{"start":{"line":12,"column":2},"end":{"line":14,"column":3}}],"line":12},"1":{"loc":{"start":{"line":24,"column":2},"end":{"line":26,"column":3}},"type":"if","locations":[{"start":{"line":24,"column":2},"end":{"line":26,"column":3}},{"start":{"line":24,"column":2},"end":{"line":26,"column":3}}],"line":24}},"s":{"0":1,"1":1,"2":3,"3":1,"4":2,"5":2,"6":2,"7":2,"8":2,"9":24,"10":2,"11":1,"12":1},"f":{"0":3,"1":24},"b":{"0":[1,2],"1":[1,1]},"_coverageSchema":"1a1c01bbd47fc00a2c39e90264f33305004495a9","hash":"1befc2c506ba6cd25faeca02ad926eaee482813a"}
,"/Users/jeffcraig/Websites/prospect-scraper/games-scraper/leagues/shlScraper.js": {"path":"/Users/jeffcraig/Websites/prospect-scraper/games-scraper/leagues/shlScraper.js","statementMap":{"0":{"start":{"line":1,"column":14},"end":{"line":1,"column":36}},"1":{"start":{"line":9,"column":0},"end":{"line":49,"column":1}},"2":{"start":{"line":10,"column":2},"end":{"line":12,"column":3}},"3":{"start":{"line":11,"column":4},"end":{"line":11,"column":129}},"4":{"start":{"line":14,"column":31},"end":{"line":14,"column":80}},"5":{"start":{"line":15,"column":14},"end":{"line":15,"column":68}},"6":{"start":{"line":17,"column":26},"end":{"line":17,"column":62}},"7":{"start":{"line":19,"column":16},"end":{"line":19,"column":18}},"8":{"start":{"line":20,"column":2},"end":{"line":29,"column":4}},"9":{"start":{"line":21,"column":18},"end":{"line":21,"column":20}},"10":{"start":{"line":22,"column":4},"end":{"line":27,"column":8}},"11":{"start":{"line":25,"column":21},"end":{"line":25,"column":95}},"12":{"start":{"line":26,"column":8},"end":{"line":26,"column":24}},"13":{"start":{"line":28,"column":4},"end":{"line":28,"column":21}},"14":{"start":{"line":31,"column":15},"end":{"line":31,"column":67}},"15":{"start":{"line":31,"column":32},"end":{"line":31,"column":66}},"16":{"start":{"line":34,"column":2},"end":{"line":36,"column":3}},"17":{"start":{"line":35,"column":4},"end":{"line":35,"column":15}},"18":{"start":{"line":38,"column":2},"end":{"line":48,"column":3}}},"fnMap":{"0":{"name":"(anonymous_0)","decl":{"start":{"line":9,"column":17},"end":{"line":9,"column":18}},"loc":{"start":{"line":9,"column":49},"end":{"line":49,"column":1}},"line":9},"1":{"name":"(anonymous_1)","decl":{"start":{"line":20,"column":50},"end":{"line":20,"column":51}},"loc":{"start":{"line":20,"column":69},"end":{"line":29,"column":3}},"line":20},"2":{"name":"(anonymous_2)","decl":{"start":{"line":24,"column":12},"end":{"line":24,"column":13}},"loc":{"start":{"line":24,"column":39},"end":{"line":27,"column":7}},"line":24},"3":{"name":"(anonymous_3)","decl":{"start":{"line":31,"column":27},"end":{"line":31,"column":28}},"loc":{"start":{"line":31,"column":32},"end":{"line":31,"column":66}},"line":31}},"branchMap":{"0":{"loc":{"start":{"line":10,"column":2},"end":{"line":12,"column":3}},"type":"if","locations":[{"start":{"line":10,"column":2},"end":{"line":12,"column":3}},{"start":{"line":10,"column":2},"end":{"line":12,"column":3}}],"line":10},"1":{"loc":{"start":{"line":34,"column":2},"end":{"line":36,"column":3}},"type":"if","locations":[{"start":{"line":34,"column":2},"end":{"line":36,"column":3}},{"start":{"line":34,"column":2},"end":{"line":36,"column":3}}],"line":34},"2":{"loc":{"start":{"line":34,"column":6},"end":{"line":34,"column":43}},"type":"binary-expr","locations":[{"start":{"line":34,"column":6},"end":{"line":34,"column":11}},{"start":{"line":34,"column":15},"end":{"line":34,"column":43}}],"line":34}},"s":{"0":2,"1":2,"2":4,"3":1,"4":3,"5":3,"6":3,"7":3,"8":3,"9":66,"10":66,"11":531,"12":531,"13":66,"14":3,"15":28,"16":3,"17":2,"18":1},"f":{"0":4,"1":66,"2":531,"3":28},"b":{"0":[1,3],"1":[2,1],"2":[3,2]},"_coverageSchema":"1a1c01bbd47fc00a2c39e90264f33305004495a9","hash":"cc7df7c3eb7426816788c52fb17fcce2fb10bce8"}
,"/Users/jeffcraig/Websites/prospect-scraper/games-scraper/leagues/ushlScraper.js": {"path":"/Users/jeffcraig/Websites/prospect-scraper/games-scraper/leagues/ushlScraper.js","statementMap":{"0":{"start":{"line":1,"column":14},"end":{"line":1,"column":36}},"1":{"start":{"line":9,"column":0},"end":{"line":37,"column":1}},"2":{"start":{"line":10,"column":2},"end":{"line":12,"column":3}},"3":{"start":{"line":11,"column":4},"end":{"line":11,"column":130}},"4":{"start":{"line":14,"column":31},"end":{"line":14,"column":80}},"5":{"start":{"line":15,"column":14},"end":{"line":15,"column":211}},"6":{"start":{"line":17,"column":26},"end":{"line":17,"column":62}},"7":{"start":{"line":19,"column":25},"end":{"line":19,"column":73}},"8":{"start":{"line":20,"column":15},"end":{"line":20,"column":142}},"9":{"start":{"line":20,"column":100},"end":{"line":20,"column":141}},"10":{"start":{"line":22,"column":2},"end":{"line":24,"column":3}},"11":{"start":{"line":23,"column":4},"end":{"line":23,"column":15}},"12":{"start":{"line":26,"column":2},"end":{"line":36,"column":3}}},"fnMap":{"0":{"name":"(anonymous_0)","decl":{"start":{"line":9,"column":17},"end":{"line":9,"column":18}},"loc":{"start":{"line":9,"column":49},"end":{"line":37,"column":1}},"line":9},"1":{"name":"(anonymous_1)","decl":{"start":{"line":20,"column":70},"end":{"line":20,"column":71}},"loc":{"start":{"line":20,"column":100},"end":{"line":20,"column":141}},"line":20}},"branchMap":{"0":{"loc":{"start":{"line":10,"column":2},"end":{"line":12,"column":3}},"type":"if","locations":[{"start":{"line":10,"column":2},"end":{"line":12,"column":3}},{"start":{"line":10,"column":2},"end":{"line":12,"column":3}}],"line":10},"1":{"loc":{"start":{"line":22,"column":2},"end":{"line":24,"column":3}},"type":"if","locations":[{"start":{"line":22,"column":2},"end":{"line":24,"column":3}},{"start":{"line":22,"column":2},"end":{"line":24,"column":3}}],"line":22}},"s":{"0":2,"1":2,"2":3,"3":1,"4":2,"5":2,"6":2,"7":2,"8":2,"9":57,"10":2,"11":1,"12":1},"f":{"0":3,"1":57},"b":{"0":[1,2],"1":[1,1]},"_coverageSchema":"1a1c01bbd47fc00a2c39e90264f33305004495a9","hash":"ed0f7c71ca6aa2086df2cf44791bd9881cdb7459"}
,"/Users/jeffcraig/Websites/prospect-scraper/games-scraper/leagues/vhlScraper.js": {"path":"/Users/jeffcraig/Websites/prospect-scraper/games-scraper/leagues/vhlScraper.js","statementMap":{"0":{"start":{"line":1,"column":14},"end":{"line":1,"column":36}},"1":{"start":{"line":9,"column":0},"end":{"line":46,"column":1}},"2":{"start":{"line":10,"column":2},"end":{"line":12,"column":3}},"3":{"start":{"line":11,"column":4},"end":{"line":11,"column":129}},"4":{"start":{"line":14,"column":31},"end":{"line":14,"column":80}},"5":{"start":{"line":15,"column":14},"end":{"line":15,"column":75}},"6":{"start":{"line":17,"column":26},"end":{"line":17,"column":62}},"7":{"start":{"line":19,"column":16},"end":{"line":19,"column":18}},"8":{"start":{"line":20,"column":2},"end":{"line":27,"column":4}},"9":{"start":{"line":21,"column":16},"end":{"line":25,"column":25}},"10":{"start":{"line":25,"column":16},"end":{"line":25,"column":24}},"11":{"start":{"line":26,"column":4},"end":{"line":26,"column":19}},"12":{"start":{"line":29,"column":15},"end":{"line":29,"column":67}},"13":{"start":{"line":29,"column":32},"end":{"line":29,"column":66}},"14":{"start":{"line":31,"column":2},"end":{"line":33,"column":3}},"15":{"start":{"line":32,"column":4},"end":{"line":32,"column":15}},"16":{"start":{"line":35,"column":2},"end":{"line":45,"column":3}}},"fnMap":{"0":{"name":"(anonymous_0)","decl":{"start":{"line":9,"column":17},"end":{"line":9,"column":18}},"loc":{"start":{"line":9,"column":49},"end":{"line":46,"column":1}},"line":9},"1":{"name":"(anonymous_1)","decl":{"start":{"line":20,"column":60},"end":{"line":20,"column":61}},"loc":{"start":{"line":20,"column":79},"end":{"line":27,"column":3}},"line":20},"2":{"name":"(anonymous_2)","decl":{"start":{"line":25,"column":11},"end":{"line":25,"column":12}},"loc":{"start":{"line":25,"column":16},"end":{"line":25,"column":24}},"line":25},"3":{"name":"(anonymous_3)","decl":{"start":{"line":29,"column":27},"end":{"line":29,"column":28}},"loc":{"start":{"line":29,"column":32},"end":{"line":29,"column":66}},"line":29}},"branchMap":{"0":{"loc":{"start":{"line":10,"column":2},"end":{"line":12,"column":3}},"type":"if","locations":[{"start":{"line":10,"column":2},"end":{"line":12,"column":3}},{"start":{"line":10,"column":2},"end":{"line":12,"column":3}}],"line":10},"1":{"loc":{"start":{"line":31,"column":2},"end":{"line":33,"column":3}},"type":"if","locations":[{"start":{"line":31,"column":2},"end":{"line":33,"column":3}},{"start":{"line":31,"column":2},"end":{"line":33,"column":3}}],"line":31}},"s":{"0":2,"1":2,"2":3,"3":1,"4":2,"5":2,"6":2,"7":2,"8":2,"9":14,"10":602,"11":14,"12":2,"13":10,"14":2,"15":1,"16":1},"f":{"0":3,"1":14,"2":602,"3":10},"b":{"0":[1,2],"1":[1,1]},"_coverageSchema":"1a1c01bbd47fc00a2c39e90264f33305004495a9","hash":"1ca24d8f6e2777666d8f6d475d8a15d84927869f"}
,"/Users/jeffcraig/Websites/prospect-scraper/games-scraper/leagues/whlScraper.js": {"path":"/Users/jeffcraig/Websites/prospect-scraper/games-scraper/leagues/whlScraper.js","statementMap":{"0":{"start":{"line":1,"column":14},"end":{"line":1,"column":36}},"1":{"start":{"line":9,"column":0},"end":{"line":36,"column":1}},"2":{"start":{"line":10,"column":2},"end":{"line":12,"column":3}},"3":{"start":{"line":11,"column":4},"end":{"line":11,"column":129}},"4":{"start":{"line":14,"column":31},"end":{"line":14,"column":80}},"5":{"start":{"line":15,"column":14},"end":{"line":15,"column":186}},"6":{"start":{"line":17,"column":26},"end":{"line":17,"column":62}},"7":{"start":{"line":19,"column":15},"end":{"line":19,"column":110}},"8":{"start":{"line":19,"column":66},"end":{"line":19,"column":109}},"9":{"start":{"line":21,"column":2},"end":{"line":23,"column":3}},"10":{"start":{"line":22,"column":4},"end":{"line":22,"column":15}},"11":{"start":{"line":25,"column":2},"end":{"line":35,"column":3}}},"fnMap":{"0":{"name":"(anonymous_0)","decl":{"start":{"line":9,"column":17},"end":{"line":9,"column":18}},"loc":{"start":{"line":9,"column":49},"end":{"line":36,"column":1}},"line":9},"1":{"name":"(anonymous_1)","decl":{"start":{"line":19,"column":61},"end":{"line":19,"column":62}},"loc":{"start":{"line":19,"column":66},"end":{"line":19,"column":109}},"line":19}},"branchMap":{"0":{"loc":{"start":{"line":10,"column":2},"end":{"line":12,"column":3}},"type":"if","locations":[{"start":{"line":10,"column":2},"end":{"line":12,"column":3}},{"start":{"line":10,"column":2},"end":{"line":12,"column":3}}],"line":10},"1":{"loc":{"start":{"line":21,"column":2},"end":{"line":23,"column":3}},"type":"if","locations":[{"start":{"line":21,"column":2},"end":{"line":23,"column":3}},{"start":{"line":21,"column":2},"end":{"line":23,"column":3}}],"line":21}},"s":{"0":2,"1":2,"2":3,"3":1,"4":2,"5":2,"6":2,"7":2,"8":74,"9":2,"10":1,"11":1},"f":{"0":3,"1":74},"b":{"0":[1,2],"1":[1,1]},"_coverageSchema":"1a1c01bbd47fc00a2c39e90264f33305004495a9","hash":"3f52927528568f50243ae4ffc29b5682ad9e4cfe"}
,"/Users/jeffcraig/Websites/prospect-scraper/season_scraper/index.js": {"path":"/Users/jeffcraig/Websites/prospect-scraper/season_scraper/index.js","statementMap":{"0":{"start":{"line":1,"column":15},"end":{"line":1,"column":32}},"1":{"start":{"line":2,"column":14},"end":{"line":2,"column":33}},"2":{"start":{"line":3,"column":23},"end":{"line":3,"column":43}},"3":{"start":{"line":5,"column":0},"end":{"line":5,"column":15}},"4":{"start":{"line":7,"column":0},"end":{"line":23,"column":1}},"5":{"start":{"line":8,"column":22},"end":{"line":8,"column":65}},"6":{"start":{"line":9,"column":2},"end":{"line":11,"column":3}},"7":{"start":{"line":10,"column":4},"end":{"line":10,"column":70}},"8":{"start":{"line":13,"column":24},"end":{"line":13,"column":67}},"9":{"start":{"line":14,"column":20},"end":{"line":14,"column":65}},"10":{"start":{"line":15,"column":14},"end":{"line":15,"column":55}},"11":{"start":{"line":17,"column":2},"end":{"line":22,"column":3}}},"fnMap":{"0":{"name":"(anonymous_0)","decl":{"start":{"line":7,"column":17},"end":{"line":7,"column":18}},"loc":{"start":{"line":7,"column":35},"end":{"line":23,"column":1}},"line":7}},"branchMap":{"0":{"loc":{"start":{"line":9,"column":2},"end":{"line":11,"column":3}},"type":"if","locations":[{"start":{"line":9,"column":2},"end":{"line":11,"column":3}},{"start":{"line":9,"column":2},"end":{"line":11,"column":3}}],"line":9}},"s":{"0":1,"1":1,"2":1,"3":1,"4":1,"5":2,"6":2,"7":1,"8":1,"9":1,"10":1,"11":1},"f":{"0":2},"b":{"0":[1,1]},"_coverageSchema":"1a1c01bbd47fc00a2c39e90264f33305004495a9","hash":"89bb08dabc502772e3eeeae5e07705cc5349c0db"}
,"/Users/jeffcraig/Websites/prospect-scraper/season_scraper/leagues/ahl_scraper.js": {"path":"/Users/jeffcraig/Websites/prospect-scraper/season_scraper/leagues/ahl_scraper.js","statementMap":{"0":{"start":{"line":1,"column":14},"end":{"line":1,"column":36}},"1":{"start":{"line":10,"column":0},"end":{"line":40,"column":1}},"2":{"start":{"line":11,"column":2},"end":{"line":13,"column":3}},"3":{"start":{"line":12,"column":4},"end":{"line":12,"column":132}},"4":{"start":{"line":15,"column":26},"end":{"line":15,"column":80}},"5":{"start":{"line":17,"column":25},"end":{"line":17,"column":73}},"6":{"start":{"line":18,"column":18},"end":{"line":18,"column":64}},"7":{"start":{"line":20,"column":24},"end":{"line":20,"column":53}},"8":{"start":{"line":21,"column":25},"end":{"line":23,"column":4}},"9":{"start":{"line":22,"column":4},"end":{"line":22,"column":71}},"10":{"start":{"line":25,"column":14},"end":{"line":25,"column":15}},"11":{"start":{"line":26,"column":16},"end":{"line":26,"column":17}},"12":{"start":{"line":27,"column":15},"end":{"line":27,"column":16}},"13":{"start":{"line":28,"column":14},"end":{"line":28,"column":15}},"14":{"start":{"line":29,"column":21},"end":{"line":29,"column":22}},"15":{"start":{"line":31,"column":2},"end":{"line":37,"column":4}},"16":{"start":{"line":32,"column":4},"end":{"line":32,"column":30}},"17":{"start":{"line":33,"column":4},"end":{"line":33,"column":34}},"18":{"start":{"line":34,"column":4},"end":{"line":34,"column":32}},"19":{"start":{"line":35,"column":4},"end":{"line":35,"column":30}},"20":{"start":{"line":36,"column":4},"end":{"line":36,"column":44}},"21":{"start":{"line":39,"column":2},"end":{"line":39,"column":56}}},"fnMap":{"0":{"name":"(anonymous_0)","decl":{"start":{"line":10,"column":17},"end":{"line":10,"column":18}},"loc":{"start":{"line":10,"column":43},"end":{"line":40,"column":1}},"line":10},"1":{"name":"(anonymous_1)","decl":{"start":{"line":21,"column":40},"end":{"line":21,"column":41}},"loc":{"start":{"line":21,"column":50},"end":{"line":23,"column":3}},"line":21},"2":{"name":"(anonymous_2)","decl":{"start":{"line":31,"column":25},"end":{"line":31,"column":26}},"loc":{"start":{"line":31,"column":35},"end":{"line":37,"column":3}},"line":31}},"branchMap":{"0":{"loc":{"start":{"line":11,"column":2},"end":{"line":13,"column":3}},"type":"if","locations":[{"start":{"line":11,"column":2},"end":{"line":13,"column":3}},{"start":{"line":11,"column":2},"end":{"line":13,"column":3}}],"line":11}},"s":{"0":2,"1":2,"2":2,"3":0,"4":2,"5":2,"6":2,"7":2,"8":2,"9":6,"10":2,"11":2,"12":2,"13":2,"14":2,"15":2,"16":2,"17":2,"18":2,"19":2,"20":2,"21":2},"f":{"0":2,"1":6,"2":2},"b":{"0":[0,2]},"_coverageSchema":"1a1c01bbd47fc00a2c39e90264f33305004495a9","hash":"81c203707ecb033c3bab830d0c43c2ce680af22b"}
,"/Users/jeffcraig/Websites/prospect-scraper/season_scraper/leagues/allsvenskan_scraper.js": {"path":"/Users/jeffcraig/Websites/prospect-scraper/season_scraper/leagues/allsvenskan_scraper.js","statementMap":{"0":{"start":{"line":1,"column":14},"end":{"line":1,"column":36}},"1":{"start":{"line":10,"column":0},"end":{"line":39,"column":1}},"2":{"start":{"line":11,"column":2},"end":{"line":13,"column":3}},"3":{"start":{"line":12,"column":4},"end":{"line":12,"column":134}},"4":{"start":{"line":15,"column":15},"end":{"line":15,"column":69}},"5":{"start":{"line":17,"column":14},"end":{"line":17,"column":15}},"6":{"start":{"line":18,"column":16},"end":{"line":18,"column":17}},"7":{"start":{"line":19,"column":15},"end":{"line":19,"column":16}},"8":{"start":{"line":20,"column":14},"end":{"line":20,"column":15}},"9":{"start":{"line":21,"column":21},"end":{"line":21,"column":22}},"10":{"start":{"line":22,"column":15},"end":{"line":22,"column":19}},"11":{"start":{"line":23,"column":19},"end":{"line":23,"column":65}},"12":{"start":{"line":25,"column":2},"end":{"line":30,"column":4}},"13":{"start":{"line":26,"column":16},"end":{"line":26,"column":32}},"14":{"start":{"line":27,"column":4},"end":{"line":29,"column":5}},"15":{"start":{"line":28,"column":6},"end":{"line":28,"column":51}},"16":{"start":{"line":28,"column":41},"end":{"line":28,"column":50}},"17":{"start":{"line":32,"column":2},"end":{"line":32,"column":21}},"18":{"start":{"line":33,"column":2},"end":{"line":33,"column":23}},"19":{"start":{"line":34,"column":2},"end":{"line":34,"column":22}},"20":{"start":{"line":35,"column":2},"end":{"line":35,"column":22}},"21":{"start":{"line":36,"column":2},"end":{"line":36,"column":28}},"22":{"start":{"line":38,"column":2},"end":{"line":38,"column":56}}},"fnMap":{"0":{"name":"(anonymous_0)","decl":{"start":{"line":10,"column":17},"end":{"line":10,"column":18}},"loc":{"start":{"line":10,"column":43},"end":{"line":39,"column":1}},"line":10},"1":{"name":"(anonymous_1)","decl":{"start":{"line":25,"column":75},"end":{"line":25,"column":76}},"loc":{"start":{"line":25,"column":94},"end":{"line":30,"column":3}},"line":25},"2":{"name":"(anonymous_2)","decl":{"start":{"line":28,"column":35},"end":{"line":28,"column":36}},"loc":{"start":{"line":28,"column":41},"end":{"line":28,"column":50}},"line":28}},"branchMap":{"0":{"loc":{"start":{"line":11,"column":2},"end":{"line":13,"column":3}},"type":"if","locations":[{"start":{"line":11,"column":2},"end":{"line":13,"column":3}},{"start":{"line":11,"column":2},"end":{"line":13,"column":3}}],"line":11},"1":{"loc":{"start":{"line":27,"column":4},"end":{"line":29,"column":5}},"type":"if","locations":[{"start":{"line":27,"column":4},"end":{"line":29,"column":5}},{"start":{"line":27,"column":4},"end":{"line":29,"column":5}}],"line":27},"2":{"loc":{"start":{"line":27,"column":8},"end":{"line":27,"column":41}},"type":"binary-expr","locations":[{"start":{"line":27,"column":8},"end":{"line":27,"column":15}},{"start":{"line":27,"column":19},"end":{"line":27,"column":41}}],"line":27}},"s":{"0":2,"1":2,"2":1,"3":0,"4":1,"5":1,"6":1,"7":1,"8":1,"9":1,"10":1,"11":1,"12":1,"13":52,"14":52,"15":1,"16":20,"17":1,"18":1,"19":1,"20":1,"21":1,"22":1},"f":{"0":1,"1":52,"2":20},"b":{"0":[0,1],"1":[1,51],"2":[52,2]},"_coverageSchema":"1a1c01bbd47fc00a2c39e90264f33305004495a9","hash":"99fd0e97f2e537b181a25100a6117c65d367cc4e"}
,"/Users/jeffcraig/Websites/prospect-scraper/season_scraper/leagues/bchl_scraper.js": {"path":"/Users/jeffcraig/Websites/prospect-scraper/season_scraper/leagues/bchl_scraper.js","statementMap":{"0":{"start":{"line":1,"column":14},"end":{"line":1,"column":36}},"1":{"start":{"line":11,"column":0},"end":{"line":36,"column":1}},"2":{"start":{"line":12,"column":2},"end":{"line":14,"column":3}},"3":{"start":{"line":13,"column":4},"end":{"line":13,"column":130}},"4":{"start":{"line":16,"column":14},"end":{"line":16,"column":211}},"5":{"start":{"line":17,"column":26},"end":{"line":17,"column":62}},"6":{"start":{"line":19,"column":25},"end":{"line":19,"column":73}},"7":{"start":{"line":20,"column":18},"end":{"line":20,"column":64}},"8":{"start":{"line":21,"column":24},"end":{"line":21,"column":53}},"9":{"start":{"line":23,"column":17},"end":{"line":23,"column":110}},"10":{"start":{"line":23,"column":60},"end":{"line":23,"column":109}},"11":{"start":{"line":25,"column":2},"end":{"line":27,"column":3}},"12":{"start":{"line":26,"column":4},"end":{"line":26,"column":73}},"13":{"start":{"line":29,"column":2},"end":{"line":35,"column":3}}},"fnMap":{"0":{"name":"(anonymous_0)","decl":{"start":{"line":11,"column":17},"end":{"line":11,"column":18}},"loc":{"start":{"line":11,"column":43},"end":{"line":36,"column":1}},"line":11},"1":{"name":"(anonymous_1)","decl":{"start":{"line":23,"column":30},"end":{"line":23,"column":31}},"loc":{"start":{"line":23,"column":60},"end":{"line":23,"column":109}},"line":23}},"branchMap":{"0":{"loc":{"start":{"line":12,"column":2},"end":{"line":14,"column":3}},"type":"if","locations":[{"start":{"line":12,"column":2},"end":{"line":14,"column":3}},{"start":{"line":12,"column":2},"end":{"line":14,"column":3}}],"line":12},"1":{"loc":{"start":{"line":25,"column":2},"end":{"line":27,"column":3}},"type":"if","locations":[{"start":{"line":25,"column":2},"end":{"line":27,"column":3}},{"start":{"line":25,"column":2},"end":{"line":27,"column":3}}],"line":25}},"s":{"0":2,"1":2,"2":1,"3":0,"4":1,"5":1,"6":1,"7":1,"8":1,"9":1,"10":1,"11":1,"12":0,"13":1},"f":{"0":1,"1":1},"b":{"0":[0,1],"1":[0,1]},"_coverageSchema":"1a1c01bbd47fc00a2c39e90264f33305004495a9","hash":"115401411d56803d0d70132daae51224dd0337e6"}
,"/Users/jeffcraig/Websites/prospect-scraper/season_scraper/leagues/cze2_scraper.js": {"path":"/Users/jeffcraig/Websites/prospect-scraper/season_scraper/leagues/cze2_scraper.js","statementMap":{"0":{"start":{"line":1,"column":14},"end":{"line":1,"column":36}},"1":{"start":{"line":10,"column":0},"end":{"line":49,"column":1}},"2":{"start":{"line":11,"column":2},"end":{"line":13,"column":3}},"3":{"start":{"line":12,"column":4},"end":{"line":12,"column":131}},"4":{"start":{"line":15,"column":14},"end":{"line":15,"column":88}},"5":{"start":{"line":16,"column":23},"end":{"line":16,"column":59}},"6":{"start":{"line":18,"column":28},"end":{"line":18,"column":68}},"7":{"start":{"line":19,"column":23},"end":{"line":19,"column":27}},"8":{"start":{"line":20,"column":20},"end":{"line":20,"column":24}},"9":{"start":{"line":22,"column":2},"end":{"line":27,"column":4}},"10":{"start":{"line":23,"column":16},"end":{"line":23,"column":40}},"11":{"start":{"line":24,"column":4},"end":{"line":26,"column":5}},"12":{"start":{"line":25,"column":6},"end":{"line":25,"column":40}},"13":{"start":{"line":29,"column":2},"end":{"line":38,"column":4}},"14":{"start":{"line":30,"column":16},"end":{"line":30,"column":40}},"15":{"start":{"line":31,"column":4},"end":{"line":37,"column":5}},"16":{"start":{"line":32,"column":6},"end":{"line":36,"column":32}},"17":{"start":{"line":35,"column":19},"end":{"line":35,"column":28}},"18":{"start":{"line":36,"column":22},"end":{"line":36,"column":31}},"19":{"start":{"line":40,"column":24},"end":{"line":40,"column":60}},"20":{"start":{"line":42,"column":16},"end":{"line":42,"column":55}},"21":{"start":{"line":43,"column":18},"end":{"line":43,"column":57}},"22":{"start":{"line":44,"column":17},"end":{"line":44,"column":56}},"23":{"start":{"line":45,"column":23},"end":{"line":45,"column":62}},"24":{"start":{"line":46,"column":16},"end":{"line":46,"column":20}},"25":{"start":{"line":48,"column":2},"end":{"line":48,"column":56}}},"fnMap":{"0":{"name":"(anonymous_0)","decl":{"start":{"line":10,"column":17},"end":{"line":10,"column":18}},"loc":{"start":{"line":10,"column":43},"end":{"line":49,"column":1}},"line":10},"1":{"name":"(anonymous_1)","decl":{"start":{"line":22,"column":41},"end":{"line":22,"column":42}},"loc":{"start":{"line":22,"column":60},"end":{"line":27,"column":3}},"line":22},"2":{"name":"(anonymous_2)","decl":{"start":{"line":29,"column":33},"end":{"line":29,"column":34}},"loc":{"start":{"line":29,"column":52},"end":{"line":38,"column":3}},"line":29},"3":{"name":"(anonymous_3)","decl":{"start":{"line":35,"column":13},"end":{"line":35,"column":14}},"loc":{"start":{"line":35,"column":19},"end":{"line":35,"column":28}},"line":35},"4":{"name":"(anonymous_4)","decl":{"start":{"line":36,"column":16},"end":{"line":36,"column":17}},"loc":{"start":{"line":36,"column":22},"end":{"line":36,"column":31}},"line":36}},"branchMap":{"0":{"loc":{"start":{"line":11,"column":2},"end":{"line":13,"column":3}},"type":"if","locations":[{"start":{"line":11,"column":2},"end":{"line":13,"column":3}},{"start":{"line":11,"column":2},"end":{"line":13,"column":3}}],"line":11},"1":{"loc":{"start":{"line":24,"column":4},"end":{"line":26,"column":5}},"type":"if","locations":[{"start":{"line":24,"column":4},"end":{"line":26,"column":5}},{"start":{"line":24,"column":4},"end":{"line":26,"column":5}}],"line":24},"2":{"loc":{"start":{"line":31,"column":4},"end":{"line":37,"column":5}},"type":"if","locations":[{"start":{"line":31,"column":4},"end":{"line":37,"column":5}},{"start":{"line":31,"column":4},"end":{"line":37,"column":5}}],"line":31},"3":{"loc":{"start":{"line":42,"column":33},"end":{"line":42,"column":54}},"type":"cond-expr","locations":[{"start":{"line":42,"column":49},"end":{"line":42,"column":50}},{"start":{"line":42,"column":53},"end":{"line":42,"column":54}}],"line":42},"4":{"loc":{"start":{"line":43,"column":35},"end":{"line":43,"column":56}},"type":"cond-expr","locations":[{"start":{"line":43,"column":51},"end":{"line":43,"column":52}},{"start":{"line":43,"column":55},"end":{"line":43,"column":56}}],"line":43},"5":{"loc":{"start":{"line":44,"column":34},"end":{"line":44,"column":55}},"type":"cond-expr","locations":[{"start":{"line":44,"column":50},"end":{"line":44,"column":51}},{"start":{"line":44,"column":54},"end":{"line":44,"column":55}}],"line":44},"6":{"loc":{"start":{"line":45,"column":40},"end":{"line":45,"column":61}},"type":"cond-expr","locations":[{"start":{"line":45,"column":56},"end":{"line":45,"column":57}},{"start":{"line":45,"column":60},"end":{"line":45,"column":61}}],"line":45}},"s":{"0":2,"1":2,"2":1,"3":0,"4":1,"5":1,"6":1,"7":1,"8":1,"9":1,"10":9,"11":9,"12":1,"13":1,"14":4,"15":4,"16":1,"17":22,"18":22,"19":1,"20":1,"21":1,"22":1,"23":1,"24":1,"25":1},"f":{"0":1,"1":9,"2":4,"3":22,"4":22},"b":{"0":[0,1],"1":[1,8],"2":[1,3],"3":[0,1],"4":[0,1],"5":[0,1],"6":[0,1]},"_coverageSchema":"1a1c01bbd47fc00a2c39e90264f33305004495a9","hash":"e1394562abe8f519d69c0e6ccad9063788df107f"}
,"/Users/jeffcraig/Websites/prospect-scraper/season_scraper/leagues/cze_scraper.js": {"path":"/Users/jeffcraig/Websites/prospect-scraper/season_scraper/leagues/cze_scraper.js","statementMap":{"0":{"start":{"line":1,"column":14},"end":{"line":1,"column":36}},"1":{"start":{"line":10,"column":0},"end":{"line":49,"column":1}},"2":{"start":{"line":11,"column":2},"end":{"line":13,"column":3}},"3":{"start":{"line":12,"column":4},"end":{"line":12,"column":131}},"4":{"start":{"line":15,"column":14},"end":{"line":15,"column":88}},"5":{"start":{"line":16,"column":23},"end":{"line":16,"column":59}},"6":{"start":{"line":18,"column":28},"end":{"line":18,"column":68}},"7":{"start":{"line":19,"column":23},"end":{"line":19,"column":27}},"8":{"start":{"line":20,"column":20},"end":{"line":20,"column":24}},"9":{"start":{"line":22,"column":2},"end":{"line":27,"column":4}},"10":{"start":{"line":23,"column":16},"end":{"line":23,"column":40}},"11":{"start":{"line":24,"column":4},"end":{"line":26,"column":5}},"12":{"start":{"line":25,"column":6},"end":{"line":25,"column":40}},"13":{"start":{"line":29,"column":2},"end":{"line":38,"column":4}},"14":{"start":{"line":30,"column":16},"end":{"line":30,"column":40}},"15":{"start":{"line":31,"column":4},"end":{"line":37,"column":5}},"16":{"start":{"line":32,"column":6},"end":{"line":36,"column":32}},"17":{"start":{"line":35,"column":19},"end":{"line":35,"column":28}},"18":{"start":{"line":36,"column":22},"end":{"line":36,"column":31}},"19":{"start":{"line":40,"column":24},"end":{"line":40,"column":60}},"20":{"start":{"line":42,"column":16},"end":{"line":42,"column":55}},"21":{"start":{"line":43,"column":18},"end":{"line":43,"column":57}},"22":{"start":{"line":44,"column":17},"end":{"line":44,"column":56}},"23":{"start":{"line":45,"column":23},"end":{"line":45,"column":62}},"24":{"start":{"line":46,"column":16},"end":{"line":46,"column":20}},"25":{"start":{"line":48,"column":2},"end":{"line":48,"column":56}}},"fnMap":{"0":{"name":"(anonymous_0)","decl":{"start":{"line":10,"column":17},"end":{"line":10,"column":18}},"loc":{"start":{"line":10,"column":43},"end":{"line":49,"column":1}},"line":10},"1":{"name":"(anonymous_1)","decl":{"start":{"line":22,"column":41},"end":{"line":22,"column":42}},"loc":{"start":{"line":22,"column":60},"end":{"line":27,"column":3}},"line":22},"2":{"name":"(anonymous_2)","decl":{"start":{"line":29,"column":33},"end":{"line":29,"column":34}},"loc":{"start":{"line":29,"column":52},"end":{"line":38,"column":3}},"line":29},"3":{"name":"(anonymous_3)","decl":{"start":{"line":35,"column":13},"end":{"line":35,"column":14}},"loc":{"start":{"line":35,"column":19},"end":{"line":35,"column":28}},"line":35},"4":{"name":"(anonymous_4)","decl":{"start":{"line":36,"column":16},"end":{"line":36,"column":17}},"loc":{"start":{"line":36,"column":22},"end":{"line":36,"column":31}},"line":36}},"branchMap":{"0":{"loc":{"start":{"line":11,"column":2},"end":{"line":13,"column":3}},"type":"if","locations":[{"start":{"line":11,"column":2},"end":{"line":13,"column":3}},{"start":{"line":11,"column":2},"end":{"line":13,"column":3}}],"line":11},"1":{"loc":{"start":{"line":24,"column":4},"end":{"line":26,"column":5}},"type":"if","locations":[{"start":{"line":24,"column":4},"end":{"line":26,"column":5}},{"start":{"line":24,"column":4},"end":{"line":26,"column":5}}],"line":24},"2":{"loc":{"start":{"line":31,"column":4},"end":{"line":37,"column":5}},"type":"if","locations":[{"start":{"line":31,"column":4},"end":{"line":37,"column":5}},{"start":{"line":31,"column":4},"end":{"line":37,"column":5}}],"line":31},"3":{"loc":{"start":{"line":42,"column":33},"end":{"line":42,"column":54}},"type":"cond-expr","locations":[{"start":{"line":42,"column":49},"end":{"line":42,"column":50}},{"start":{"line":42,"column":53},"end":{"line":42,"column":54}}],"line":42},"4":{"loc":{"start":{"line":43,"column":35},"end":{"line":43,"column":56}},"type":"cond-expr","locations":[{"start":{"line":43,"column":51},"end":{"line":43,"column":52}},{"start":{"line":43,"column":55},"end":{"line":43,"column":56}}],"line":43},"5":{"loc":{"start":{"line":44,"column":34},"end":{"line":44,"column":55}},"type":"cond-expr","locations":[{"start":{"line":44,"column":50},"end":{"line":44,"column":51}},{"start":{"line":44,"column":54},"end":{"line":44,"column":55}}],"line":44},"6":{"loc":{"start":{"line":45,"column":40},"end":{"line":45,"column":61}},"type":"cond-expr","locations":[{"start":{"line":45,"column":56},"end":{"line":45,"column":57}},{"start":{"line":45,"column":60},"end":{"line":45,"column":61}}],"line":45}},"s":{"0":2,"1":2,"2":1,"3":0,"4":1,"5":1,"6":1,"7":1,"8":1,"9":1,"10":9,"11":9,"12":1,"13":1,"14":4,"15":4,"16":1,"17":23,"18":23,"19":1,"20":1,"21":1,"22":1,"23":1,"24":1,"25":1},"f":{"0":1,"1":9,"2":4,"3":23,"4":23},"b":{"0":[0,1],"1":[1,8],"2":[1,3],"3":[1,0],"4":[1,0],"5":[1,0],"6":[1,0]},"_coverageSchema":"1a1c01bbd47fc00a2c39e90264f33305004495a9","hash":"3bcdcef8c0c54f1917fd8e87eab5ef6fb0e67839"}
,"/Users/jeffcraig/Websites/prospect-scraper/season_scraper/leagues/echl_scraper.js": {"path":"/Users/jeffcraig/Websites/prospect-scraper/season_scraper/leagues/echl_scraper.js","statementMap":{"0":{"start":{"line":1,"column":14},"end":{"line":1,"column":36}},"1":{"start":{"line":10,"column":0},"end":{"line":35,"column":1}},"2":{"start":{"line":11,"column":2},"end":{"line":13,"column":3}},"3":{"start":{"line":12,"column":4},"end":{"line":12,"column":133}},"4":{"start":{"line":15,"column":26},"end":{"line":15,"column":80}},"5":{"start":{"line":17,"column":24},"end":{"line":17,"column":53}},"6":{"start":{"line":18,"column":14},"end":{"line":18,"column":15}},"7":{"start":{"line":19,"column":16},"end":{"line":19,"column":17}},"8":{"start":{"line":20,"column":15},"end":{"line":20,"column":16}},"9":{"start":{"line":21,"column":14},"end":{"line":21,"column":15}},"10":{"start":{"line":22,"column":21},"end":{"line":22,"column":22}},"11":{"start":{"line":24,"column":2},"end":{"line":32,"column":4}},"12":{"start":{"line":25,"column":4},"end":{"line":31,"column":5}},"13":{"start":{"line":26,"column":6},"end":{"line":26,"column":41}},"14":{"start":{"line":27,"column":6},"end":{"line":27,"column":43}},"15":{"start":{"line":28,"column":6},"end":{"line":28,"column":42}},"16":{"start":{"line":29,"column":6},"end":{"line":29,"column":42}},"17":{"start":{"line":30,"column":6},"end":{"line":30,"column":48}},"18":{"start":{"line":34,"column":2},"end":{"line":34,"column":56}}},"fnMap":{"0":{"name":"(anonymous_0)","decl":{"start":{"line":10,"column":17},"end":{"line":10,"column":18}},"loc":{"start":{"line":10,"column":43},"end":{"line":35,"column":1}},"line":10},"1":{"name":"(anonymous_1)","decl":{"start":{"line":24,"column":45},"end":{"line":24,"column":46}},"loc":{"start":{"line":24,"column":55},"end":{"line":32,"column":3}},"line":24}},"branchMap":{"0":{"loc":{"start":{"line":11,"column":2},"end":{"line":13,"column":3}},"type":"if","locations":[{"start":{"line":11,"column":2},"end":{"line":13,"column":3}},{"start":{"line":11,"column":2},"end":{"line":13,"column":3}}],"line":11},"1":{"loc":{"start":{"line":25,"column":4},"end":{"line":31,"column":5}},"type":"if","locations":[{"start":{"line":25,"column":4},"end":{"line":31,"column":5}},{"start":{"line":25,"column":4},"end":{"line":31,"column":5}}],"line":25}},"s":{"0":2,"1":2,"2":1,"3":0,"4":1,"5":1,"6":1,"7":1,"8":1,"9":1,"10":1,"11":1,"12":1,"13":1,"14":1,"15":1,"16":1,"17":1,"18":1},"f":{"0":1,"1":1},"b":{"0":[0,1],"1":[1,0]},"_coverageSchema":"1a1c01bbd47fc00a2c39e90264f33305004495a9","hash":"38342bd0da6aeb189ebc8b6134060a6f90cec426"}
,"/Users/jeffcraig/Websites/prospect-scraper/season_scraper/leagues/khl_scraper.js": {"path":"/Users/jeffcraig/Websites/prospect-scraper/season_scraper/leagues/khl_scraper.js","statementMap":{"0":{"start":{"line":1,"column":14},"end":{"line":1,"column":36}},"1":{"start":{"line":10,"column":0},"end":{"line":39,"column":1}},"2":{"start":{"line":11,"column":2},"end":{"line":13,"column":3}},"3":{"start":{"line":12,"column":4},"end":{"line":12,"column":132}},"4":{"start":{"line":15,"column":15},"end":{"line":15,"column":69}},"5":{"start":{"line":17,"column":14},"end":{"line":17,"column":15}},"6":{"start":{"line":18,"column":16},"end":{"line":18,"column":17}},"7":{"start":{"line":19,"column":15},"end":{"line":19,"column":16}},"8":{"start":{"line":20,"column":14},"end":{"line":20,"column":15}},"9":{"start":{"line":21,"column":21},"end":{"line":21,"column":22}},"10":{"start":{"line":24,"column":2},"end":{"line":36,"column":3}},"11":{"start":{"line":25,"column":4},"end":{"line":25,"column":82}},"12":{"start":{"line":26,"column":4},"end":{"line":26,"column":84}},"13":{"start":{"line":27,"column":4},"end":{"line":27,"column":83}},"14":{"start":{"line":28,"column":4},"end":{"line":28,"column":83}},"15":{"start":{"line":29,"column":4},"end":{"line":29,"column":89}},"16":{"start":{"line":31,"column":4},"end":{"line":31,"column":82}},"17":{"start":{"line":32,"column":4},"end":{"line":32,"column":84}},"18":{"start":{"line":33,"column":4},"end":{"line":33,"column":83}},"19":{"start":{"line":34,"column":4},"end":{"line":34,"column":83}},"20":{"start":{"line":35,"column":4},"end":{"line":35,"column":89}},"21":{"start":{"line":38,"column":2},"end":{"line":38,"column":56}}},"fnMap":{"0":{"name":"(anonymous_0)","decl":{"start":{"line":10,"column":17},"end":{"line":10,"column":18}},"loc":{"start":{"line":10,"column":43},"end":{"line":39,"column":1}},"line":10}},"branchMap":{"0":{"loc":{"start":{"line":11,"column":2},"end":{"line":13,"column":3}},"type":"if","locations":[{"start":{"line":11,"column":2},"end":{"line":13,"column":3}},{"start":{"line":11,"column":2},"end":{"line":13,"column":3}}],"line":11},"1":{"loc":{"start":{"line":24,"column":2},"end":{"line":36,"column":3}},"type":"if","locations":[{"start":{"line":24,"column":2},"end":{"line":36,"column":3}},{"start":{"line":24,"column":2},"end":{"line":36,"column":3}}],"line":24}},"s":{"0":2,"1":2,"2":1,"3":0,"4":1,"5":1,"6":1,"7":1,"8":1,"9":1,"10":1,"11":1,"12":1,"13":1,"14":1,"15":1,"16":0,"17":0,"18":0,"19":0,"20":0,"21":1},"f":{"0":1},"b":{"0":[0,1],"1":[1,0]},"_coverageSchema":"1a1c01bbd47fc00a2c39e90264f33305004495a9","hash":"696c51f18ccab364d049640704b8fdc717ea4e2e"}
,"/Users/jeffcraig/Websites/prospect-scraper/season_scraper/leagues/liiga_scraper.js": {"path":"/Users/jeffcraig/Websites/prospect-scraper/season_scraper/leagues/liiga_scraper.js","statementMap":{"0":{"start":{"line":1,"column":14},"end":{"line":1,"column":36}},"1":{"start":{"line":10,"column":0},"end":{"line":38,"column":1}},"2":{"start":{"line":11,"column":2},"end":{"line":13,"column":3}},"3":{"start":{"line":12,"column":4},"end":{"line":12,"column":134}},"4":{"start":{"line":15,"column":17},"end":{"line":15,"column":71}},"5":{"start":{"line":17,"column":14},"end":{"line":17,"column":15}},"6":{"start":{"line":18,"column":16},"end":{"line":18,"column":17}},"7":{"start":{"line":19,"column":15},"end":{"line":19,"column":16}},"8":{"start":{"line":20,"column":14},"end":{"line":20,"column":15}},"9":{"start":{"line":21,"column":21},"end":{"line":21,"column":22}},"10":{"start":{"line":23,"column":16},"end":{"line":23,"column":26}},"11":{"start":{"line":25,"column":4},"end":{"line":25,"column":136}},"12":{"start":{"line":26,"column":24},"end":{"line":26,"column":132}},"13":{"start":{"line":27,"column":16},"end":{"line":27,"column":52}},"14":{"start":{"line":28,"column":25},"end":{"line":28,"column":140}},"15":{"start":{"line":29,"column":14},"end":{"line":29,"column":54}},"16":{"start":{"line":31,"column":2},"end":{"line":31,"column":124}},"17":{"start":{"line":32,"column":2},"end":{"line":32,"column":126}},"18":{"start":{"line":33,"column":2},"end":{"line":33,"column":125}},"19":{"start":{"line":34,"column":2},"end":{"line":34,"column":125}},"20":{"start":{"line":35,"column":2},"end":{"line":35,"column":131}},"21":{"start":{"line":37,"column":2},"end":{"line":37,"column":56}}},"fnMap":{"0":{"name":"(anonymous_0)","decl":{"start":{"line":10,"column":17},"end":{"line":10,"column":18}},"loc":{"start":{"line":10,"column":43},"end":{"line":38,"column":1}},"line":10}},"branchMap":{"0":{"loc":{"start":{"line":11,"column":2},"end":{"line":13,"column":3}},"type":"if","locations":[{"start":{"line":11,"column":2},"end":{"line":13,"column":3}},{"start":{"line":11,"column":2},"end":{"line":13,"column":3}}],"line":11},"1":{"loc":{"start":{"line":25,"column":4},"end":{"line":25,"column":136}},"type":"cond-expr","locations":[{"start":{"line":25,"column":31},"end":{"line":25,"column":82}},{"start":{"line":25,"column":85},"end":{"line":25,"column":136}}],"line":25},"2":{"loc":{"start":{"line":27,"column":16},"end":{"line":27,"column":52}},"type":"cond-expr","locations":[{"start":{"line":27,"column":47},"end":{"line":27,"column":48}},{"start":{"line":27,"column":51},"end":{"line":27,"column":52}}],"line":27},"3":{"loc":{"start":{"line":29,"column":14},"end":{"line":29,"column":54}},"type":"cond-expr","locations":[{"start":{"line":29,"column":49},"end":{"line":29,"column":50}},{"start":{"line":29,"column":53},"end":{"line":29,"column":54}}],"line":29}},"s":{"0":2,"1":2,"2":1,"3":0,"4":1,"5":1,"6":1,"7":1,"8":1,"9":1,"10":1,"11":1,"12":1,"13":1,"14":1,"15":1,"16":1,"17":1,"18":1,"19":1,"20":1,"21":1},"f":{"0":1},"b":{"0":[0,1],"1":[0,1],"2":[0,1],"3":[1,0]},"_coverageSchema":"1a1c01bbd47fc00a2c39e90264f33305004495a9","hash":"f25e08a988e54b1985f35522a72953e1bd0183f7"}
,"/Users/jeffcraig/Websites/prospect-scraper/season_scraper/leagues/mestis_scraper.js": {"path":"/Users/jeffcraig/Websites/prospect-scraper/season_scraper/leagues/mestis_scraper.js","statementMap":{"0":{"start":{"line":1,"column":14},"end":{"line":1,"column":36}},"1":{"start":{"line":10,"column":0},"end":{"line":24,"column":1}},"2":{"start":{"line":11,"column":2},"end":{"line":13,"column":3}},"3":{"start":{"line":12,"column":4},"end":{"line":12,"column":135}},"4":{"start":{"line":15,"column":17},"end":{"line":15,"column":71}},"5":{"start":{"line":17,"column":16},"end":{"line":17,"column":105}},"6":{"start":{"line":18,"column":16},"end":{"line":18,"column":104}},"7":{"start":{"line":19,"column":18},"end":{"line":19,"column":106}},"8":{"start":{"line":20,"column":17},"end":{"line":20,"column":105}},"9":{"start":{"line":21,"column":23},"end":{"line":21,"column":111}},"10":{"start":{"line":23,"column":2},"end":{"line":23,"column":56}}},"fnMap":{"0":{"name":"(anonymous_0)","decl":{"start":{"line":10,"column":17},"end":{"line":10,"column":18}},"loc":{"start":{"line":10,"column":43},"end":{"line":24,"column":1}},"line":10}},"branchMap":{"0":{"loc":{"start":{"line":11,"column":2},"end":{"line":13,"column":3}},"type":"if","locations":[{"start":{"line":11,"column":2},"end":{"line":13,"column":3}},{"start":{"line":11,"column":2},"end":{"line":13,"column":3}}],"line":11}},"s":{"0":2,"1":2,"2":1,"3":0,"4":1,"5":1,"6":1,"7":1,"8":1,"9":1,"10":1},"f":{"0":1},"b":{"0":[0,1]},"_coverageSchema":"1a1c01bbd47fc00a2c39e90264f33305004495a9","hash":"f4ff254d3bce2534bc1a96bae90b74e6e20c887d"}
[...]
mn":3}},"13":{"start":{"line":32,"column":4},"end":{"line":32,"column":18}},"14":{"start":{"line":36,"column":23},"end":{"line":36,"column":148}},"15":{"start":{"line":38,"column":2},"end":{"line":38,"column":127}},"16":{"start":{"line":39,"column":2},"end":{"line":41,"column":11}},"17":{"start":{"line":42,"column":2},"end":{"line":44,"column":11}},"18":{"start":{"line":45,"column":2},"end":{"line":47,"column":11}},"19":{"start":{"line":48,"column":2},"end":{"line":50,"column":11}},"20":{"start":{"line":52,"column":2},"end":{"line":52,"column":56}}},"fnMap":{"0":{"name":"(anonymous_0)","decl":{"start":{"line":10,"column":17},"end":{"line":10,"column":18}},"loc":{"start":{"line":10,"column":43},"end":{"line":53,"column":1}},"line":10}},"branchMap":{"0":{"loc":{"start":{"line":11,"column":2},"end":{"line":13,"column":3}},"type":"if","locations":[{"start":{"line":11,"column":2},"end":{"line":13,"column":3}},{"start":{"line":11,"column":2},"end":{"line":13,"column":3}}],"line":11},"1":{"loc":{"start":{"line":25,"column":14},"end":{"line":25,"column":114}},"type":"cond-expr","locations":[{"start":{"line":25,"column":109},"end":{"line":25,"column":110}},{"start":{"line":25,"column":113},"end":{"line":25,"column":114}}],"line":25},"2":{"loc":{"start":{"line":27,"column":2},"end":{"line":33,"column":3}},"type":"if","locations":[{"start":{"line":27,"column":2},"end":{"line":33,"column":3}},{"start":{"line":27,"column":2},"end":{"line":33,"column":3}}],"line":27},"3":{"loc":{"start":{"line":36,"column":23},"end":{"line":36,"column":148}},"type":"cond-expr","locations":[{"start":{"line":36,"column":143},"end":{"line":36,"column":144}},{"start":{"line":36,"column":147},"end":{"line":36,"column":148}}],"line":36}},"s":{"0":2,"1":2,"2":1,"3":0,"4":1,"5":1,"6":1,"7":1,"8":1,"9":1,"10":1,"11":1,"12":1,"13":0,"14":1,"15":1,"16":1,"17":1,"18":1,"19":1,"20":1},"f":{"0":1},"b":{"0":[0,1],"1":[1,0],"2":[0,1],"3":[0,1]},"_coverageSchema":"1a1c01bbd47fc00a2c39e90264f33305004495a9","hash":"c20c92c74ff1177dbb80f0185f4d5333dc974cea"}
,"/Users/jeffcraig/Websites/prospect-scraper/season_scraper/leagues/whl_scraper.js": {"path":"/Users/jeffcraig/Websites/prospect-scraper/season_scraper/leagues/whl_scraper.js","statementMap":{"0":{"start":{"line":1,"column":14},"end":{"line":1,"column":36}},"1":{"start":{"line":10,"column":0},"end":{"line":37,"column":1}},"2":{"start":{"line":11,"column":2},"end":{"line":13,"column":3}},"3":{"start":{"line":12,"column":4},"end":{"line":12,"column":132}},"4":{"start":{"line":15,"column":26},"end":{"line":15,"column":80}},"5":{"start":{"line":17,"column":28},"end":{"line":17,"column":59}},"6":{"start":{"line":18,"column":25},"end":{"line":20,"column":4}},"7":{"start":{"line":19,"column":4},"end":{"line":19,"column":68}},"8":{"start":{"line":22,"column":14},"end":{"line":22,"column":15}},"9":{"start":{"line":23,"column":16},"end":{"line":23,"column":17}},"10":{"start":{"line":24,"column":15},"end":{"line":24,"column":16}},"11":{"start":{"line":25,"column":14},"end":{"line":25,"column":15}},"12":{"start":{"line":26,"column":21},"end":{"line":26,"column":22}},"13":{"start":{"line":28,"column":2},"end":{"line":34,"column":4}},"14":{"start":{"line":29,"column":4},"end":{"line":29,"column":53}},"15":{"start":{"line":30,"column":4},"end":{"line":30,"column":30}},"16":{"start":{"line":31,"column":4},"end":{"line":31,"column":28}},"17":{"start":{"line":32,"column":4},"end":{"line":32,"column":26}},"18":{"start":{"line":33,"column":4},"end":{"line":33,"column":40}},"19":{"start":{"line":36,"column":2},"end":{"line":36,"column":56}}},"fnMap":{"0":{"name":"(anonymous_0)","decl":{"start":{"line":10,"column":17},"end":{"line":10,"column":18}},"loc":{"start":{"line":10,"column":43},"end":{"line":37,"column":1}},"line":10},"1":{"name":"(anonymous_1)","decl":{"start":{"line":18,"column":71},"end":{"line":18,"column":72}},"loc":{"start":{"line":18,"column":81},"end":{"line":20,"column":3}},"line":18},"2":{"name":"(anonymous_2)","decl":{"start":{"line":28,"column":25},"end":{"line":28,"column":26}},"loc":{"start":{"line":28,"column":35},"end":{"line":34,"column":3}},"line":28}},"branchMap":{"0":{"loc":{"start":{"line":11,"column":2},"end":{"line":13,"column":3}},"type":"if","locations":[{"start":{"line":11,"column":2},"end":{"line":13,"column":3}},{"start":{"line":11,"column":2},"end":{"line":13,"column":3}}],"line":11},"1":{"loc":{"start":{"line":29,"column":13},"end":{"line":29,"column":53}},"type":"cond-expr","locations":[{"start":{"line":29,"column":36},"end":{"line":29,"column":37}},{"start":{"line":29,"column":40},"end":{"line":29,"column":53}}],"line":29}},"s":{"0":2,"1":2,"2":1,"3":0,"4":1,"5":1,"6":1,"7":4,"8":1,"9":1,"10":1,"11":1,"12":1,"13":1,"14":1,"15":1,"16":1,"17":1,"18":1,"19":1},"f":{"0":1,"1":4,"2":1},"b":{"0":[0,1],"1":[0,1]},"_coverageSchema":"1a1c01bbd47fc00a2c39e90264f33305004495a9","hash":"5d04fa724b7e0f684f911cfd734dd34dc7cba66b"}
,"/Users/jeffcraig/Websites/prospect-scraper/utils/index.js": {"path":"/Users/jeffcraig/Websites/prospect-scraper/utils/index.js","statementMap":{"0":{"start":{"line":1,"column":13},"end":{"line":1,"column":30}},"1":{"start":{"line":2,"column":20},"end":{"line":2,"column":44}},"2":{"start":{"line":3,"column":16},"end":{"line":3,"column":36}},"3":{"start":{"line":5,"column":0},"end":{"line":9,"column":1}}},"fnMap":{},"branchMap":{},"s":{"0":37,"1":37,"2":37,"3":37},"f":{},"b":{},"_coverageSchema":"1a1c01bbd47fc00a2c39e90264f33305004495a9","hash":"496b731c3748fcb36a30383128a08b463317f143"}
,"/Users/jeffcraig/Websites/prospect-scraper/utils/calculation/ageOnDate.js": {"path":"/Users/jeffcraig/Websites/prospect-scraper/utils/calculation/ageOnDate.js","statementMap":{"0":{"start":{"line":1,"column":0},"end":{"line":7,"column":1}},"1":{"start":{"line":2,"column":16},"end":{"line":2,"column":36}},"2":{"start":{"line":3,"column":20},"end":{"line":3,"column":40}},"3":{"start":{"line":4,"column":14},"end":{"line":4,"column":31}},"4":{"start":{"line":6,"column":2},"end":{"line":6,"column":50}}},"fnMap":{"0":{"name":"(anonymous_0)","decl":{"start":{"line":1,"column":17},"end":{"line":1,"column":18}},"loc":{"start":{"line":1,"column":39},"end":{"line":7,"column":1}},"line":1}},"branchMap":{},"s":{"0":38,"1":2,"2":2,"3":2,"4":2},"f":{"0":2},"b":{},"_coverageSchema":"1a1c01bbd47fc00a2c39e90264f33305004495a9","hash":"42c40b307337910b8f7deb5a2210f2ba184bae6b"}
,"/Users/jeffcraig/Websites/prospect-scraper/utils/calculation/index.js": {"path":"/Users/jeffcraig/Websites/prospect-scraper/utils/calculation/index.js","statementMap":{"0":{"start":{"line":1,"column":18},"end":{"line":1,"column":40}},"1":{"start":{"line":2,"column":21},"end":{"line":2,"column":46}},"2":{"start":{"line":4,"column":0},"end":{"line":7,"column":1}}},"fnMap":{},"branchMap":{},"s":{"0":37,"1":37,"2":37},"f":{},"b":{},"_coverageSchema":"1a1c01bbd47fc00a2c39e90264f33305004495a9","hash":"0fb7db013253f031c3d2523a62f2d104d6d00f19"}
,"/Users/jeffcraig/Websites/prospect-scraper/utils/calculation/scoringRates.js": {"path":"/Users/jeffcraig/Websites/prospect-scraper/utils/calculation/scoringRates.js","statementMap":{"0":{"start":{"line":1,"column":0},"end":{"line":16,"column":1}},"1":{"start":{"line":2,"column":17},"end":{"line":2,"column":21}},"2":{"start":{"line":3,"column":19},"end":{"line":3,"column":23}},"3":{"start":{"line":4,"column":18},"end":{"line":4,"column":22}},"4":{"start":{"line":5,"column":17},"end":{"line":5,"column":21}},"5":{"start":{"line":7,"column":2},"end":{"line":13,"column":3}},"6":{"start":{"line":8,"column":4},"end":{"line":8,"column":39}},"7":{"start":{"line":9,"column":4},"end":{"line":9,"column":57}},"8":{"start":{"line":10,"column":4},"end":{"line":10,"column":63}},"9":{"start":{"line":11,"column":4},"end":{"line":11,"column":60}},"10":{"start":{"line":12,"column":4},"end":{"line":12,"column":57}},"11":{"start":{"line":15,"column":2},"end":{"line":15,"column":54}}},"fnMap":{"0":{"name":"(anonymous_0)","decl":{"start":{"line":1,"column":17},"end":{"line":1,"column":18}},"loc":{"start":{"line":1,"column":70},"end":{"line":16,"column":1}},"line":1}},"branchMap":{"0":{"loc":{"start":{"line":7,"column":2},"end":{"line":13,"column":3}},"type":"if","locations":[{"start":{"line":7,"column":2},"end":{"line":13,"column":3}},{"start":{"line":7,"column":2},"end":{"line":13,"column":3}}],"line":7},"1":{"loc":{"start":{"line":9,"column":15},"end":{"line":9,"column":57}},"type":"binary-expr","locations":[{"start":{"line":9,"column":15},"end":{"line":9,"column":20}},{"start":{"line":9,"column":24},"end":{"line":9,"column":57}}],"line":9},"2":{"loc":{"start":{"line":10,"column":17},"end":{"line":10,"column":63}},"type":"binary-expr","locations":[{"start":{"line":10,"column":17},"end":{"line":10,"column":24}},{"start":{"line":10,"column":28},"end":{"line":10,"column":63}}],"line":10},"3":{"loc":{"start":{"line":11,"column":16},"end":{"line":11,"column":60}},"type":"binary-expr","locations":[{"start":{"line":11,"column":16},"end":{"line":11,"column":22}},{"start":{"line":11,"column":26},"end":{"line":11,"column":60}}],"line":11},"4":{"loc":{"start":{"line":12,"column":15},"end":{"line":12,"column":57}},"type":"binary-expr","locations":[{"start":{"line":12,"column":15},"end":{"line":12,"column":20}},{"start":{"line":12,"column":24},"end":{"line":12,"column":57}}],"line":12}},"s":{"0":38,"1":3,"2":3,"3":3,"4":3,"5":3,"6":2,"7":2,"8":2,"9":2,"10":2,"11":3},"f":{"0":3},"b":{"0":[2,1],"1":[2,2],"2":[2,2],"3":[2,2],"4":[2,2]},"_coverageSchema":"1a1c01bbd47fc00a2c39e90264f33305004495a9","hash":"9cdc1a474283d99a6da73a963816d9dd56226b4f"}
,"/Users/jeffcraig/Websites/prospect-scraper/utils/date/getCurrentSeason.js": {"path":"/Users/jeffcraig/Websites/prospect-scraper/utils/date/getCurrentSeason.js","statementMap":{"0":{"start":{"line":1,"column":0},"end":{"line":13,"column":1}},"1":{"start":{"line":3,"column":15},"end":{"line":3,"column":35}},"2":{"start":{"line":4,"column":16},"end":{"line":4,"column":35}},"3":{"start":{"line":5,"column":31},"end":{"line":5,"column":69}},"4":{"start":{"line":6,"column":31},"end":{"line":6,"column":69}},"5":{"start":{"line":8,"column":2},"end":{"line":10,"column":3}},"6":{"start":{"line":9,"column":4},"end":{"line":9,"column":44}},"7":{"start":{"line":12,"column":2},"end":{"line":12,"column":140}}},"fnMap":{"0":{"name":"(anonymous_0)","decl":{"start":{"line":1,"column":17},"end":{"line":1,"column":18}},"loc":{"start":{"line":1,"column":47},"end":{"line":13,"column":1}},"line":1}},"branchMap":{"0":{"loc":{"start":{"line":1,"column":27},"end":{"line":1,"column":45}},"type":"default-arg","locations":[{"start":{"line":1,"column":36},"end":{"line":1,"column":45}}],"line":1},"1":{"loc":{"start":{"line":5,"column":31},"end":{"line":5,"column":69}},"type":"cond-expr","locations":[{"start":{"line":5,"column":63},"end":{"line":5,"column":65}},{"start":{"line":5,"column":68},"end":{"line":5,"column":69}}],"line":5},"2":{"loc":{"start":{"line":6,"column":31},"end":{"line":6,"column":69}},"type":"cond-expr","locations":[{"start":{"line":6,"column":63},"end":{"line":6,"column":65}},{"start":{"line":6,"column":68},"end":{"line":6,"column":69}}],"line":6},"3":{"loc":{"start":{"line":8,"column":2},"end":{"line":10,"column":3}},"type":"if","locations":[{"start":{"line":8,"column":2},"end":{"line":10,"column":3}},{"start":{"line":8,"column":2},"end":{"line":10,"column":3}}],"line":8}},"s":{"0":38,"1":12,"2":12,"3":12,"4":12,"5":12,"6":5,"7":12},"f":{"0":12},"b":{"0":[2],"1":[4,8],"2":[6,6],"3":[5,7]},"_coverageSchema":"1a1c01bbd47fc00a2c39e90264f33305004495a9","hash":"153e48ebe4bdff2c562d93e7ad4a4431f44706e1"}
,"/Users/jeffcraig/Websites/prospect-scraper/utils/date/getMonthName.js": {"path":"/Users/jeffcraig/Websites/prospect-scraper/utils/date/getMonthName.js","statementMap":{"0":{"start":{"line":1,"column":0},"end":{"line":10,"column":1}},"1":{"start":{"line":2,"column":21},"end":{"line":2,"column":143}},"2":{"start":{"line":3,"column":30},"end":{"line":3,"column":114}},"3":{"start":{"line":5,"column":2},"end":{"line":9,"column":3}},"4":{"start":{"line":6,"column":4},"end":{"line":6,"column":64}},"5":{"start":{"line":8,"column":4},"end":{"line":8,"column":55}}},"fnMap":{"0":{"name":"(anonymous_0)","decl":{"start":{"line":1,"column":17},"end":{"line":1,"column":18}},"loc":{"start":{"line":1,"column":84},"end":{"line":10,"column":1}},"line":1}},"branchMap":{"0":{"loc":{"start":{"line":1,"column":36},"end":{"line":1,"column":57}},"type":"default-arg","locations":[{"start":{"line":1,"column":52},"end":{"line":1,"column":57}}],"line":1},"1":{"loc":{"start":{"line":1,"column":59},"end":{"line":1,"column":80}},"type":"default-arg","locations":[{"start":{"line":1,"column":75},"end":{"line":1,"column":80}}],"line":1},"2":{"loc":{"start":{"line":5,"column":2},"end":{"line":9,"column":3}},"type":"if","locations":[{"start":{"line":5,"column":2},"end":{"line":9,"column":3}},{"start":{"line":5,"column":2},"end":{"line":9,"column":3}}],"line":5},"3":{"loc":{"start":{"line":6,"column":41},"end":{"line":6,"column":62}},"type":"cond-expr","locations":[{"start":{"line":6,"column":57},"end":{"line":6,"column":58}},{"start":{"line":6,"column":61},"end":{"line":6,"column":62}}],"line":6},"4":{"loc":{"start":{"line":8,"column":32},"end":{"line":8,"column":53}},"type":"cond-expr","locations":[{"start":{"line":8,"column":48},"end":{"line":8,"column":49}},{"start":{"line":8,"column":52},"end":{"line":8,"column":53}}],"line":8}},"s":{"0":38,"1":12,"2":12,"3":12,"4":7,"5":5},"f":{"0":12},"b":{"0":[1],"1":[1],"2":[7,5],"3":[5,2],"4":[2,3]},"_coverageSchema":"1a1c01bbd47fc00a2c39e90264f33305004495a9","hash":"cb22fe7a5ff64ba12ba03177c24f1664ed2ec819"}
,"/Users/jeffcraig/Websites/prospect-scraper/utils/date/getSeasonStartYear.js": {"path":"/Users/jeffcraig/Websites/prospect-scraper/utils/date/getSeasonStartYear.js","statementMap":{"0":{"start":{"line":1,"column":0},"end":{"line":8,"column":1}},"1":{"start":{"line":2,"column":16},"end":{"line":2,"column":36}},"2":{"start":{"line":3,"column":2},"end":{"line":5,"column":3}},"3":{"start":{"line":4,"column":4},"end":{"line":4,"column":34}},"4":{"start":{"line":7,"column":2},"end":{"line":7,"column":28}}},"fnMap":{"0":{"name":"(anonymous_0)","decl":{"start":{"line":1,"column":17},"end":{"line":1,"column":18}},"loc":{"start":{"line":1,"column":29},"end":{"line":8,"column":1}},"line":1}},"branchMap":{"0":{"loc":{"start":{"line":3,"column":2},"end":{"line":5,"column":3}},"type":"if","locations":[{"start":{"line":3,"column":2},"end":{"line":5,"column":3}},{"start":{"line":3,"column":2},"end":{"line":5,"column":3}}],"line":3}},"s":{"0":38,"1":2,"2":2,"3":1,"4":1},"f":{"0":2},"b":{"0":[1,1]},"_coverageSchema":"1a1c01bbd47fc00a2c39e90264f33305004495a9","hash":"18688adfe371ff655b56213b073ee22b89e3c695"}
,"/Users/jeffcraig/Websites/prospect-scraper/utils/date/index.js": {"path":"/Users/jeffcraig/Websites/prospect-scraper/utils/date/index.js","statementMap":{"0":{"start":{"line":1,"column":21},"end":{"line":1,"column":46}},"1":{"start":{"line":2,"column":27},"end":{"line":2,"column":58}},"2":{"start":{"line":3,"column":22},"end":{"line":3,"column":48}},"3":{"start":{"line":4,"column":25},"end":{"line":4,"column":54}},"4":{"start":{"line":6,"column":0},"end":{"line":11,"column":1}}},"fnMap":{},"branchMap":{},"s":{"0":37,"1":37,"2":37,"3":37,"4":37},"f":{},"b":{},"_coverageSchema":"1a1c01bbd47fc00a2c39e90264f33305004495a9","hash":"f698d9a8643e8b3056e96b8eaabd4eb5814554d2"}
,"/Users/jeffcraig/Websites/prospect-scraper/utils/date/setDateValues.js": {"path":"/Users/jeffcraig/Websites/prospect-scraper/utils/date/setDateValues.js","statementMap":{"0":{"start":{"line":1,"column":0},"end":{"line":14,"column":1}},"1":{"start":{"line":2,"column":12},"end":{"line":2,"column":34}},"2":{"start":{"line":3,"column":14},"end":{"line":3,"column":41}},"3":{"start":{"line":4,"column":15},"end":{"line":4,"column":41}},"4":{"start":{"line":6,"column":2},"end":{"line":6,"column":50}},"5":{"start":{"line":7,"column":2},"end":{"line":7,"column":58}},"6":{"start":{"line":9,"column":2},"end":{"line":13,"column":3}}},"fnMap":{"0":{"name":"(anonymous_0)","decl":{"start":{"line":1,"column":17},"end":{"line":1,"column":18}},"loc":{"start":{"line":1,"column":53},"end":{"line":14,"column":1}},"line":1}},"branchMap":{"0":{"loc":{"start":{"line":1,"column":35},"end":{"line":1,"column":49}},"type":"default-arg","locations":[{"start":{"line":1,"column":45},"end":{"line":1,"column":49}}],"line":1},"1":{"loc":{"start":{"line":6,"column":8},"end":{"line":6,"column":50}},"type":"cond-expr","locations":[{"start":{"line":6,"column":30},"end":{"line":6,"column":39}},{"start":{"line":6,"column":42},"end":{"line":6,"column":50}}],"line":6},"2":{"loc":{"start":{"line":6,"column":8},"end":{"line":6,"column":27}},"type":"binary-expr","locations":[{"start":{"line":6,"column":8},"end":{"line":6,"column":15}},{"start":{"line":6,"column":19},"end":{"line":6,"column":27}}],"line":6},"3":{"loc":{"start":{"line":7,"column":10},"end":{"line":7,"column":58}},"type":"cond-expr","locations":[{"start":{"line":7,"column":34},"end":{"line":7,"column":45}},{"start":{"line":7,"column":48},"end":{"line":7,"column":58}}],"line":7},"4":{"loc":{"start":{"line":7,"column":10},"end":{"line":7,"column":31}},"type":"binary-expr","locations":[{"start":{"line":7,"column":10},"end":{"line":7,"column":17}},{"start":{"line":7,"column":21},"end":{"line":7,"column":31}}],"line":7}},"s":{"0":38,"1":45,"2":45,"3":45,"4":45,"5":45,"6":45},"f":{"0":45},"b":{"0":[1],"1":[12,33],"2":[45,32],"3":[16,29],"4":[45,32]},"_coverageSchema":"1a1c01bbd47fc00a2c39e90264f33305004495a9","hash":"702d56584d5d4e17b5c3e4fd54b0671443151077"}
,"/Users/jeffcraig/Websites/prospect-scraper/utils/request/htmlRequest.js": {"path":"/Users/jeffcraig/Websites/prospect-scraper/utils/request/htmlRequest.js","statementMap":{"0":{"start":{"line":1,"column":11},"end":{"line":1,"column":37}},"1":{"start":{"line":2,"column":16},"end":{"line":2,"column":34}},"2":{"start":{"line":4,"column":0},"end":{"line":10,"column":1}},"3":{"start":{"line":5,"column":2},"end":{"line":9,"column":4}},"4":{"start":{"line":8,"column":23},"end":{"line":8,"column":41}}},"fnMap":{"0":{"name":"(anonymous_0)","decl":{"start":{"line":4,"column":17},"end":{"line":4,"column":18}},"loc":{"start":{"line":4,"column":32},"end":{"line":10,"column":1}},"line":4},"1":{"name":"(anonymous_1)","decl":{"start":{"line":8,"column":15},"end":{"line":8,"column":16}},"loc":{"start":{"line":8,"column":23},"end":{"line":8,"column":41}},"line":8}},"branchMap":{},"s":{"0":37,"1":37,"2":37,"3":0,"4":0},"f":{"0":0,"1":0},"b":{},"_coverageSchema":"1a1c01bbd47fc00a2c39e90264f33305004495a9","hash":"332ab938ed023689c97e0b2503b3587c48ad11f4"}
,"/Users/jeffcraig/Websites/prospect-scraper/utils/request/index.js": {"path":"/Users/jeffcraig/Websites/prospect-scraper/utils/request/index.js","statementMap":{"0":{"start":{"line":1,"column":20},"end":{"line":1,"column":44}},"1":{"start":{"line":2,"column":20},"end":{"line":2,"column":44}},"2":{"start":{"line":4,"column":0},"end":{"line":7,"column":1}}},"fnMap":{},"branchMap":{},"s":{"0":37,"1":37,"2":37},"f":{},"b":{},"_coverageSchema":"1a1c01bbd47fc00a2c39e90264f33305004495a9","hash":"49723a92cb52523883f8bc0cdeab92d3c72adf1d"}
,"/Users/jeffcraig/Websites/prospect-scraper/utils/request/jsonRequest.js": {"path":"/Users/jeffcraig/Websites/prospect-scraper/utils/request/jsonRequest.js","statementMap":{"0":{"start":{"line":1,"column":11},"end":{"line":1,"column":37}},"1":{"start":{"line":3,"column":0},"end":{"line":8,"column":1}},"2":{"start":{"line":4,"column":2},"end":{"line":7,"column":4}}},"fnMap":{"0":{"name":"(anonymous_0)","decl":{"start":{"line":3,"column":17},"end":{"line":3,"column":18}},"loc":{"start":{"line":3,"column":32},"end":{"line":8,"column":1}},"line":3}},"branchMap":{},"s":{"0":37,"1":37,"2":0},"f":{"0":0},"b":{},"_coverageSchema":"1a1c01bbd47fc00a2c39e90264f33305004495a9","hash":"d05658847ab22f37167211a4fa8e75b92143e69a"}
}
