TN:
SF:games-scraper/index.js
FN:6,(anonymous_0)
FNF:1
FNH:1
FNDA:3,(anonymous_0)
DA:1,1
DA:2,1
DA:4,1
DA:6,1
DA:7,3
DA:8,3
DA:9,1
DA:12,2
DA:14,2
DA:15,1
DA:18,1
LF:11
LH:11
BRDA:8,0,0,1
BRDA:8,0,1,2
BRDA:14,1,0,1
BRDA:14,1,1,1
BRF:4
BRH:4
end_of_record
TN:
SF:games-scraper/leagues/ahlScraper.js
FN:9,(anonymous_0)
FN:20,(anonymous_1)
FNF:2
FNH:2
FNDA:4,(anonymous_0)
FNDA:27,(anonymous_1)
DA:1,2
DA:9,2
DA:10,4
DA:11,1
DA:14,3
DA:15,3
DA:17,3
DA:19,3
DA:20,27
DA:22,3
DA:23,1
DA:26,2
LF:12
LH:12
BRDA:10,0,0,1
BRDA:10,0,1,3
BRDA:22,1,0,1
BRDA:22,1,1,2
BRF:4
BRH:4
end_of_record
TN:
SF:games-scraper/leagues/bchlScraper.js
FN:9,(anonymous_0)
FN:20,(anonymous_1)
FNF:2
FNH:2
FNDA:3,(anonymous_0)
FNDA:6,(anonymous_1)
DA:1,2
DA:9,2
DA:10,3
DA:11,1
DA:14,2
DA:15,2
DA:17,2
DA:19,2
DA:20,6
DA:22,2
DA:23,1
DA:26,1
LF:12
LH:12
BRDA:10,0,0,1
BRDA:10,0,1,2
BRDA:22,1,0,1
BRDA:22,1,1,1
BRF:4
BRH:4
end_of_record
TN:
SF:games-scraper/leagues/cze2Scraper.js
FN:9,(anonymous_0)
FN:21,(anonymous_1)
FN:24,(anonymous_2)
FN:33,(anonymous_3)
FNF:4
FNH:4
FNDA:5,(anonymous_0)
FNDA:48,(anonymous_1)
FNDA:528,(anonymous_2)
FNDA:22,(anonymous_3)
DA:1,2
DA:9,2
DA:10,5
DA:11,1
DA:14,4
DA:15,4
DA:16,4
DA:18,4
DA:20,4
DA:21,4
DA:22,48
DA:23,48
DA:24,48
DA:25,528
DA:26,528
DA:28,48
DA:29,28
DA:33,22
DA:35,4
DA:36,2
DA:39,2
LF:21
LH:21
BRDA:10,0,0,1
BRDA:10,0,1,4
BRDA:28,1,0,28
BRDA:28,1,1,20
BRDA:35,2,0,2
BRDA:35,2,1,2
BRF:6
BRH:6
end_of_record
TN:
SF:games-scraper/leagues/czeScraper.js
FN:9,(anonymous_0)
FN:21,(anonymous_1)
FN:24,(anonymous_2)
FN:33,(anonymous_3)
FNF:4
FNH:4
FNDA:4,(anonymous_0)
FNDA:36,(anonymous_1)
FNDA:396,(anonymous_2)
FNDA:5,(anonymous_3)
DA:1,2
DA:9,2
DA:10,4
DA:11,1
DA:14,3
DA:15,3
DA:16,3
DA:18,3
DA:20,3
DA:21,3
DA:22,36
DA:23,36
DA:24,36
DA:25,396
DA:26,396
DA:28,36
DA:29,6
DA:33,5
DA:35,3
DA:36,2
DA:39,1
LF:21
LH:21
BRDA:10,0,0,1
BRDA:10,0,1,3
BRDA:28,1,0,6
BRDA:28,1,1,30
BRDA:35,2,0,2
BRDA:35,2,1,1
BRF:6
BRH:6
end_of_record
TN:
SF:games-scraper/leagues/index.js
FNF:0
FNH:0
DA:1,1
DA:2,1
DA:3,1
DA:4,1
DA:5,1
DA:6,1
DA:7,1
DA:8,1
DA:9,1
DA:10,1
DA:11,1
DA:12,1
DA:13,1
DA:14,1
DA:15,1
DA:17,1
LF:16
LH:16
BRF:0
BRH:0
end_of_record
TN:
SF:games-scraper/leagues/khlScraper.js
FN:9,(anonymous_0)
FN:22,(anonymous_1)
FN:26,(anonymous_2)
FN:33,(anonymous_3)
FNF:4
FNH:4
FNDA:4,(anonymous_0)
FNDA:126,(anonymous_1)
FNDA:3780,(anonymous_2)
FNDA:97,(anonymous_3)
DA:1,2
DA:9,2
DA:10,4
DA:11,1
DA:14,3
DA:15,3
DA:16,3
DA:17,3
DA:19,3
DA:21,3
DA:22,3
DA:23,126
DA:24,126
DA:27,3780
DA:28,3780
DA:30,126
DA:33,97
DA:35,3
DA:36,1
DA:39,2
LF:20
LH:20
BRDA:10,0,0,1
BRDA:10,0,1,3
BRDA:35,1,0,1
BRDA:35,1,1,2
BRF:4
BRH:4
end_of_record
TN:
SF:games-scraper/leagues/liigaScraper.js
FN:9,(anonymous_0)
FN:23,(anonymous_1)
FN:28,(anonymous_2)
FN:32,(anonymous_3)
FNF:4
FNH:4
FNDA:3,(anonymous_0)
FNDA:10,(anonymous_1)
FNDA:260,(anonymous_2)
FNDA:8,(anonymous_3)
DA:1,2
DA:9,2
DA:10,3
DA:11,1
DA:14,2
DA:15,2
DA:16,2
DA:20,2
DA:22,2
DA:23,2
DA:24,10
DA:28,260
DA:29,10
DA:32,8
DA:34,2
DA:35,1
DA:38,1
LF:17
LH:17
BRDA:10,0,0,1
BRDA:10,0,1,2
BRDA:34,1,0,1
BRDA:34,1,1,1
BRF:4
BRH:4
end_of_record
TN:
SF:games-scraper/leagues/mestisScraper.js
FN:11,(anonymous_0)
FN:25,(anonymous_1)
FN:29,(anonymous_2)
FN:36,(anonymous_3)
FNF:4
FNH:4
FNDA:3,(anonymous_0)
FNDA:6,(anonymous_1)
FNDA:102,(anonymous_2)
FNDA:4,(anonymous_3)
DA:1,2
DA:11,2
DA:12,3
DA:13,1
DA:16,2
DA:17,2
DA:18,2
DA:22,2
DA:24,2
DA:25,2
DA:26,6
DA:27,6
DA:30,102
DA:31,102
DA:33,6
DA:36,4
DA:38,2
DA:39,1
DA:42,1
LF:19
LH:19
BRDA:12,0,0,1
BRDA:12,0,1,2
BRDA:38,1,0,1
BRDA:38,1,1,1
BRF:4
BRH:4
end_of_record
TN:
SF:games-scraper/leagues/mhlScraper.js
FN:9,(anonymous_0)
FN:20,(anonymous_1)
FN:24,(anonymous_2)
FN:31,(anonymous_3)
FNF:4
FNH:4
FNDA:3,(anonymous_0)
FNDA:30,(anonymous_1)
FNDA:758,(anonymous_2)
FNDA:24,(anonymous_3)
DA:1,2
DA:9,2
DA:10,3
DA:11,1
DA:14,2
DA:15,2
DA:17,2
DA:19,2
DA:20,2
DA:21,30
DA:22,30
DA:25,758
DA:26,758
DA:28,30
DA:31,24
DA:33,2
DA:34,1
DA:37,1
LF:18
LH:18
BRDA:10,0,0,1
BRDA:10,0,1,2
BRDA:33,1,0,1
BRDA:33,1,1,1
BRF:4
BRH:4
end_of_record
TN:
SF:games-scraper/leagues/ncaaScraper.js
FN:9,(anonymous_0)
FN:22,(anonymous_1)
FN:27,(anonymous_2)
FN:49,(anonymous_3)
FN:54,(anonymous_4)
FNF:5
FNH:5
FNDA:5,(anonymous_0)
FNDA:156,(anonymous_1)
FNDA:1840,(anonymous_2)
FNDA:48,(anonymous_3)
FNDA:3,(anonymous_4)
DA:1,2
DA:9,2
DA:10,5
DA:11,1
DA:14,4
DA:15,4
DA:16,4
DA:18,4
DA:20,4
DA:21,4
DA:23,156
DA:27,1840
DA:28,156
DA:33,4
DA:34,4
DA:35,4
DA:36,4
DA:38,4
DA:44,2
DA:49,48
DA:50,2
DA:51,1
DA:54,3
DA:55,1
DA:56,1
DA:58,1
LF:26
LH:26
BRDA:10,0,0,1
BRDA:10,0,1,4
BRDA:38,1,0,2
BRDA:38,1,1,2
BRDA:39,2,0,4
BRDA:39,2,1,4
BRDA:39,2,2,3
BRDA:39,2,3,3
BRDA:50,3,0,1
BRDA:50,3,1,1
BRF:10
BRH:10
end_of_record
TN:
SF:games-scraper/leagues/ohlScraper.js
FN:9,(anonymous_0)
FN:19,(anonymous_1)
FNF:2
FNH:2
FNDA:3,(anonymous_0)
FNDA:64,(anonymous_1)
DA:1,2
DA:9,2
DA:10,3
DA:11,1
DA:14,2
DA:15,2
DA:17,2
DA:19,64
DA:21,2
DA:22,1
DA:25,1
LF:11
LH:11
BRDA:10,0,0,1
BRDA:10,0,1,2
BRDA:21,1,0,1
BRDA:21,1,1,1
BRF:4
BRH:4
end_of_record
TN:
SF:games-scraper/leagues/qmjhlScraper.js
FN:11,(anonymous_0)
FN:21,(anonymous_1)
FNF:2
FNH:2
FNDA:4,(anonymous_0)
FNDA:6,(anonymous_1)
DA:1,2
DA:9,2
DA:11,2
DA:12,4
DA:13,1
DA:16,3
DA:17,3
DA:18,3
DA:19,3
DA:21,6
DA:23,3
DA:24,1
DA:27,2
LF:13
LH:13
BRDA:12,0,0,1
BRDA:12,0,1,3
BRDA:23,1,0,1
BRDA:23,1,1,2
BRDA:31,2,0,1
BRDA:31,2,1,1
BRDA:32,3,0,1
BRDA:32,3,1,1
BRDA:33,4,0,1
BRDA:33,4,1,1
BRDA:34,5,0,1
BRDA:34,5,1,1
BRDA:35,6,0,1
BRDA:35,6,1,1
BRF:14
BRH:14
end_of_record
TN:
SF:games-scraper/leagues/sarja20Scraper.js
FN:11,(anonymous_0)
FN:22,(anonymous_1)
FNF:2
FNH:2
FNDA:3,(anonymous_0)
FNDA:24,(anonymous_1)
DA:1,1
DA:11,1
DA:12,3
DA:13,1
DA:16,2
DA:17,2
DA:18,2
DA:20,2
DA:22,24
DA:24,2
DA:25,1
DA:28,1
LF:12
LH:12
BRDA:12,0,0,1
BRDA:12,0,1,2
BRDA:24,1,0,1
BRDA:24,1,1,1
BRF:4
BRH:4
end_of_record
TN:
SF:games-scraper/leagues/shlScraper.js
FN:9,(anonymous_0)
FN:20,(anonymous_1)
FN:24,(anonymous_2)
FN:31,(anonymous_3)
FNF:4
FNH:4
FNDA:4,(anonymous_0)
FNDA:66,(anonymous_1)
FNDA:531,(anonymous_2)
FNDA:28,(anonymous_3)
DA:1,2
DA:9,2
DA:10,4
DA:11,1
DA:14,3
DA:15,3
DA:17,3
DA:19,3
DA:20,3
DA:21,66
DA:22,66
DA:25,531
DA:26,531
DA:28,66
DA:31,28
DA:34,3
DA:35,2
DA:38,1
LF:18
LH:18
BRDA:10,0,0,1
BRDA:10,0,1,3
BRDA:34,1,0,2
BRDA:34,1,1,1
BRDA:34,2,0,3
BRDA:34,2,1,2
BRF:6
BRH:6
end_of_record
TN:
SF:games-scraper/leagues/ushlScraper.js
FN:9,(anonymous_0)
FN:20,(anonymous_1)
FNF:2
FNH:2
FNDA:3,(anonymous_0)
FNDA:57,(anonymous_1)
DA:1,2
DA:9,2
DA:10,3
DA:11,1
DA:14,2
DA:15,2
DA:17,2
DA:19,2
DA:20,57
DA:22,2
DA:23,1
DA:26,1
LF:12
LH:12
BRDA:10,0,0,1
BRDA:10,0,1,2
BRDA:22,1,0,1
BRDA:22,1,1,1
BRF:4
BRH:4
end_of_record
TN:
SF:games-scraper/leagues/vhlScraper.js
FN:9,(anonymous_0)
FN:20,(anonymous_1)
FN:25,(anonymous_2)
FN:29,(anonymous_3)
FNF:4
FNH:4
FNDA:3,(anonymous_0)
FNDA:14,(anonymous_1)
FNDA:602,(anonymous_2)
FNDA:10,(anonymous_3)
DA:1,2
DA:9,2
DA:10,3
DA:11,1
DA:14,2
DA:15,2
DA:17,2
DA:19,2
DA:20,2
DA:21,14
DA:25,602
DA:26,14
DA:29,10
DA:31,2
DA:32,1
DA:35,1
LF:16
LH:16
BRDA:10,0,0,1
BRDA:10,0,1,2
BRDA:31,1,0,1
BRDA:31,1,1,1
BRF:4
BRH:4
end_of_record
TN:
SF:games-scraper/leagues/whlScraper.js
FN:9,(anonymous_0)
FN:19,(anonymous_1)
FNF:2
FNH:2
FNDA:3,(anonymous_0)
FNDA:74,(anonymous_1)
DA:1,2
DA:9,2
DA:10,3
DA:11,1
DA:14,2
DA:15,2
DA:17,2
DA:19,74
DA:21,2
DA:22,1
DA:25,1
LF:11
LH:11
BRDA:10,0,0,1
BRDA:10,0,1,2
BRDA:21,1,0,1
BRDA:21,1,1,1
BRF:4
BRH:4
end_of_record
TN:
SF:season_scraper/index.js
FN:7,(anonymous_0)
FNF:1
FNH:1
FNDA:2,(anonymous_0)
DA:1,1
DA:2,1
DA:3,1
DA:5,1
DA:7,1
DA:8,2
DA:9,2
DA:10,1
DA:13,1
DA:14,1
DA:15,1
DA:17,1
LF:12
LH:12
BRDA:9,0,0,1
BRDA:9,0,1,1
BRF:2
BRH:2
end_of_record
TN:
SF:season_scraper/leagues/ahl_scraper.js
FN:10,(anonymous_0)
FN:21,(anonymous_1)
FN:31,(anonymous_2)
FNF:3
FNH:3
FNDA:2,(anonymous_0)
FNDA:6,(anonymous_1)
FNDA:2,(anonymous_2)
DA:1,2
DA:10,2
DA:11,2
DA:12,0
DA:15,2
DA:17,2
DA:18,2
DA:20,2
DA:21,2
DA:22,6
DA:25,2
DA:26,2
DA:27,2
DA:28,2
DA:29,2
DA:31,2
DA:32,2
DA:33,2
DA:34,2
DA:35,2
DA:36,2
DA:39,2
LF:22
LH:21
BRDA:11,0,0,0
BRDA:11,0,1,2
BRF:2
BRH:1
end_of_record
TN:
SF:season_scraper/leagues/allsvenskan_scraper.js
FN:10,(anonymous_0)
FN:25,(anonymous_1)
FN:28,(anonymous_2)
FNF:3
FNH:3
FNDA:1,(anonymous_0)
FNDA:52,(anonymous_1)
FNDA:20,(anonymous_2)
DA:1,2
DA:10,2
DA:11,1
DA:12,0
DA:15,1
DA:17,1
DA:18,1
DA:19,1
DA:20,1
DA:21,1
DA:22,1
DA:23,1
DA:25,1
DA:26,52
DA:27,52
DA:28,20
DA:32,1
DA:33,1
DA:34,1
DA:35,1
DA:36,1
DA:38,1
LF:22
LH:21
BRDA:11,0,0,0
BRDA:11,0,1,1
BRDA:27,1,0,1
BRDA:27,1,1,51
BRDA:27,2,0,52
BRDA:27,2,1,2
BRF:6
BRH:5
end_of_record
TN:
SF:season_scraper/leagues/bchl_scraper.js
FN:11,(anonymous_0)
FN:23,(anonymous_1)
FNF:2
FNH:2
FNDA:1,(anonymous_0)
FNDA:1,(anonymous_1)
DA:1,2
DA:11,2
DA:12,1
DA:13,0
DA:16,1
DA:17,1
DA:19,1
DA:20,1
DA:21,1
DA:23,1
DA:25,1
DA:26,0
DA:29,1
LF:13
LH:11
BRDA:12,0,0,0
BRDA:12,0,1,1
BRDA:25,1,0,0
BRDA:25,1,1,1
BRF:4
BRH:2
end_of_record
TN:
SF:season_scraper/leagues/cze2_scraper.js
FN:10,(anonymous_0)
FN:22,(anonymous_1)
FN:29,(anonymous_2)
FN:35,(anonymous_3)
FN:36,(anonymous_4)
FNF:5
FNH:5
FNDA:1,(anonymous_0)
FNDA:9,(anonymous_1)
FNDA:4,(anonymous_2)
FNDA:22,(anonymous_3)
FNDA:22,(anonymous_4)
DA:1,2
DA:10,2
DA:11,1
DA:12,0
DA:15,1
DA:16,1
DA:18,1
DA:19,1
DA:20,1
DA:22,1
DA:23,9
DA:24,9
DA:25,1
DA:29,1
DA:30,4
DA:31,4
DA:32,1
DA:35,22
DA:36,22
DA:40,1
DA:42,1
DA:43,1
DA:44,1
DA:45,1
DA:46,1
DA:48,1
LF:26
LH:25
BRDA:11,0,0,0
BRDA:11,0,1,1
BRDA:24,1,0,1
BRDA:24,1,1,8
BRDA:31,2,0,1
BRDA:31,2,1,3
BRDA:42,3,0,0
BRDA:42,3,1,1
BRDA:43,4,0,0
BRDA:43,4,1,1
BRDA:44,5,0,0
BRDA:44,5,1,1
BRDA:45,6,0,0
BRDA:45,6,1,1
BRF:14
BRH:9
end_of_record
TN:
SF:season_scraper/leagues/cze_scraper.js
FN:10,(anonymous_0)
FN:22,(anonymous_1)
FN:29,(anonymous_2)
FN:35,(anonymous_3)
FN:36,(anonymous_4)
FNF:5
FNH:5
FNDA:1,(anonymous_0)
FNDA:9,(anonymous_1)
FNDA:4,(anonymous_2)
FNDA:23,(anonymous_3)
FNDA:23,(anonymous_4)
DA:1,2
DA:10,2
DA:11,1
DA:12,0
DA:15,1
DA:16,1
DA:18,1
DA:19,1
DA:20,1
DA:22,1
DA:23,9
DA:24,9
DA:25,1
DA:29,1
DA:30,4
DA:31,4
DA:32,1
DA:35,23
DA:36,23
DA:40,1
DA:42,1
DA:43,1
DA:44,1
DA:45,1
DA:46,1
DA:48,1
LF:26
LH:25
BRDA:11,0,0,0
BRDA:11,0,1,1
BRDA:24,1,0,1
BRDA:24,1,1,8
BRDA:31,2,0,1
BRDA:31,2,1,3
BRDA:42,3,0,1
BRDA:42,3,1,0
BRDA:43,4,0,1
BRDA:43,4,1,0
BRDA:44,5,0,1
BRDA:44,5,1,0
BRDA:45,6,0,1
BRDA:45,6,1,0
BRF:14
BRH:9
end_of_record
TN:
SF:season_scraper/leagues/echl_scraper.js
FN:10,(anonymous_0)
FN:24,(anonymous_1)
FNF:2
FNH:2
FNDA:1,(anonymous_0)
FNDA:1,(anonymous_1)
DA:1,2
DA:10,2
DA:11,1
DA:12,0
DA:15,1
DA:17,1
DA:18,1
DA:19,1
DA:20,1
DA:21,1
DA:22,1
DA:24,1
DA:25,1
DA:26,1
DA:27,1
DA:28,1
DA:29,1
DA:30,1
DA:34,1
LF:19
LH:18
BRDA:11,0,0,0
BRDA:11,0,1,1
BRDA:25,1,0,1
BRDA:25,1,1,0
BRF:4
BRH:2
end_of_record
TN:
SF:season_scraper/leagues/khl_scraper.js
FN:10,(anonymous_0)
FNF:1
FNH:1
FNDA:1,(anonymous_0)
DA:1,2
DA:10,2
DA:11,1
DA:12,0
DA:15,1
DA:17,1
DA:18,1
DA:19,1
DA:20,1
DA:21,1
DA:24,1
DA:25,1
DA:26,1
DA:27,1
DA:28,1
DA:29,1
DA:31,0
DA:32,0
DA:33,0
DA:34,0
DA:35,0
DA:38,1
LF:22
LH:16
BRDA:11,0,0,0
BRDA:11,0,1,1
BRDA:24,1,0,1
BRDA:24,1,1,0
BRF:4
BRH:2
end_of_record
TN:
SF:season_scraper/leagues/liiga_scraper.js
FN:10,(anonymous_0)
FNF:1
FNH:1
FNDA:1,(anonymous_0)
DA:1,2
DA:10,2
DA:11,1
DA:12,0
DA:15,1
DA:17,1
DA:18,1
DA:19,1
DA:20,1
DA:21,1
DA:23,1
DA:25,1
DA:26,1
DA:27,1
DA:28,1
DA:29,1
DA:31,1
DA:32,1
DA:33,1
DA:34,1
DA:35,1
DA:37,1
LF:22
LH:21
BRDA:11,0,0,0
BRDA:11,0,1,1
BRDA:25,1,0,0
BRDA:25,1,1,1
BRDA:27,2,0,0
BRDA:27,2,1,1
BRDA:29,3,0,1
BRDA:29,3,1,0
BRF:8
BRH:4
end_of_record
TN:
SF:season_scraper/leagues/mestis_scraper.js
FN:10,(anonymous_0)
FNF:1
FNH:1
FNDA:1,(anonymous_0)
DA:1,2
DA:10,2
DA:11,1
DA:12,0
DA:15,1
DA:17,1
DA:18,1
DA:19,1
DA:20,1
DA:21,1
DA:23,1
LF:11
LH:10
BRDA:11,0,0,0
BRDA:11,0,1,1
BRF:2
BRH:1
end_of_record
TN:
SF:season_scraper/leagues/mhl_scraper.js
FN:10,(anonymous_0)
FNF:1
FNH:1
FNDA:2,(anonymous_0)
DA:1,2
DA:10,2
DA:11,2
DA:12,1
DA:15,1
DA:16,1
DA:18,1
DA:19,1
DA:20,1
DA:21,1
DA:22,1
DA:25,1
DA:26,1
DA:27,1
DA:28,1
DA:29,1
DA:30,1
DA:32,0
DA:33,0
DA:34,0
DA:35,0
DA:36,0
DA:39,1
LF:23
LH:18
BRDA:11,0,0,1
BRDA:11,0,1,1
BRDA:25,1,0,1
BRDA:25,1,1,0
BRF:4
BRH:3
end_of_record
TN:
SF:season_scraper/leagues/ncaa_scraper.js
FN:10,(anonymous_0)
FNF:1
FNH:1
FNDA:1,(anonymous_0)
DA:1,2
DA:10,2
DA:11,1
DA:12,0
DA:15,1
DA:17,1
DA:18,1
DA:19,1
DA:20,1
DA:21,1
DA:23,1
DA:28,1
DA:29,1
DA:30,1
DA:31,1
DA:34,1
DA:39,1
DA:41,1
LF:18
LH:17
BRDA:11,0,0,0
BRDA:11,0,1,1
BRDA:39,1,0,0
BRDA:39,1,1,1
BRF:4
BRH:2
end_of_record
TN:
SF:season_scraper/leagues/nla_scraper.js
FN:10,(anonymous_0)
FN:29,(anonymous_1)
FNF:2
FNH:2
FNDA:1,(anonymous_0)
FNDA:20,(anonymous_1)
DA:1,2
DA:10,2
DA:11,1
DA:12,0
DA:15,1
DA:16,1
DA:22,1
DA:23,1
DA:24,1
DA:25,1
DA:26,1
DA:27,1
DA:29,1
DA:30,20
DA:33,1
DA:34,1
DA:35,1
DA:36,1
DA:37,1
DA:40,1
LF:20
LH:19
BRDA:11,0,0,0
BRDA:11,0,1,1
BRDA:33,1,0,1
BRDA:33,1,1,0
BRF:4
BRH:2
end_of_record
TN:
SF:season_scraper/leagues/ohl_scraper.js
FN:10,(anonymous_0)
FN:18,(anonymous_1)
FN:28,(anonymous_2)
FNF:3
FNH:3
FNDA:1,(anonymous_0)
FNDA:4,(anonymous_1)
FNDA:1,(anonymous_2)
DA:1,2
DA:10,2
DA:11,1
DA:12,0
DA:15,1
DA:17,1
DA:18,1
DA:19,4
DA:22,1
DA:23,1
DA:24,1
DA:25,1
DA:26,1
DA:28,1
DA:29,1
DA:30,1
DA:31,1
DA:32,1
DA:33,1
DA:36,1
LF:20
LH:19
BRDA:11,0,0,0
BRDA:11,0,1,1
BRDA:29,1,0,0
BRDA:29,1,1,1
BRF:4
BRH:2
end_of_record
TN:
SF:season_scraper/leagues/qmjhl_scraper.js
FN:10,(anonymous_0)
FN:23,(anonymous_1)
FN:33,(anonymous_2)
FNF:3
FNH:3
FNDA:1,(anonymous_0)
FNDA:5,(anonymous_1)
FNDA:1,(anonymous_2)
DA:1,2
DA:10,2
DA:11,1
DA:12,0
DA:15,1
DA:17,1
DA:18,1
DA:23,1
DA:24,5
DA:27,1
DA:28,1
DA:29,1
DA:30,1
DA:31,1
DA:33,1
DA:34,1
DA:35,1
DA:36,1
DA:37,1
DA:38,1
DA:41,1
LF:21
LH:20
BRDA:11,0,0,0
BRDA:11,0,1,1
BRDA:34,1,0,0
BRDA:34,1,1,1
BRF:4
BRH:2
end_of_record
TN:
SF:season_scraper/leagues/sarja20_scraper.js
FN:11,(anonymous_0)
FN:22,(anonymous_1)
FNF:2
FNH:2
FNDA:1,(anonymous_0)
FNDA:2,(anonymous_1)
DA:1,2
DA:11,2
DA:12,1
DA:13,0
DA:16,1
DA:17,1
DA:20,1
DA:22,2
DA:24,1
DA:25,1
DA:26,1
DA:27,1
DA:28,1
DA:30,1
LF:14
LH:13
BRDA:12,0,0,0
BRDA:12,0,1,1
BRF:2
BRH:1
end_of_record
TN:
SF:season_scraper/leagues/shl_scraper.js
FN:10,(anonymous_0)
FN:25,(anonymous_1)
FNF:2
FNH:2
FNDA:1,(anonymous_0)
FNDA:10,(anonymous_1)
DA:1,2
DA:10,2
DA:11,1
DA:12,0
DA:15,1
DA:17,1
DA:18,1
DA:19,1
DA:20,1
DA:21,1
DA:22,1
DA:23,1
DA:25,1
DA:26,10
DA:27,10
DA:28,1
DA:32,1
DA:33,1
DA:34,1
DA:35,1
DA:36,1
DA:38,1
LF:22
LH:21
BRDA:11,0,0,0
BRDA:11,0,1,1
BRDA:27,1,0,1
BRDA:27,1,1,9
BRDA:27,2,0,10
BRDA:27,2,1,1
BRF:6
BRH:5
end_of_record
TN:
SF:season_scraper/leagues/ushl_scraper.js
FN:10,(anonymous_0)
FN:21,(anonymous_1)
FN:31,(anonymous_2)
FNF:3
FNH:3
FNDA:1,(anonymous_0)
FNDA:4,(anonymous_1)
FNDA:1,(anonymous_2)
DA:1,2
DA:10,2
DA:11,1
DA:12,0
DA:15,1
DA:17,1
DA:18,1
DA:20,1
DA:21,1
DA:22,4
DA:25,1
DA:26,1
DA:27,1
DA:28,1
DA:29,1
DA:31,1
DA:32,1
DA:33,1
DA:34,1
DA:35,1
DA:36,1
DA:39,1
LF:22
LH:21
BRDA:11,0,0,0
BRDA:11,0,1,1
BRF:2
BRH:1
end_of_record
TN:
SF:season_scraper/leagues/vhl_scraper.js
FN:10,(anonymous_0)
FNF:1
FNH:1
FNDA:1,(anonymous_0)
DA:1,2
DA:10,2
DA:11,1
DA:12,0
DA:15,1
DA:17,1
DA:18,1
DA:19,1
DA:20,1
DA:21,1
DA:22,1
DA:25,1
DA:27,1
DA:32,0
DA:36,1
DA:38,1
DA:39,1
DA:42,1
DA:45,1
DA:48,1
DA:52,1
LF:21
LH:19
BRDA:11,0,0,0
BRDA:11,0,1,1
BRDA:25,1,0,1
BRDA:25,1,1,0
BRDA:27,2,0,0
BRDA:27,2,1,1
BRDA:36,3,0,0
BRDA:36,3,1,1
BRF:8
BRH:4
end_of_record
TN:
SF:season_scraper/leagues/whl_scraper.js
FN:10,(anonymous_0)
FN:18,(anonymous_1)
FN:28,(anonymous_2)
FNF:3
FNH:3
FNDA:1,(anonymous_0)
FNDA:4,(anonymous_1)
FNDA:1,(anonymous_2)
DA:1,2
DA:10,2
DA:11,1
DA:12,0
DA:15,1
DA:17,1
DA:18,1
DA:19,4
DA:22,1
DA:23,1
DA:24,1
DA:25,1
DA:26,1
DA:28,1
DA:29,1
DA:30,1
DA:31,1
DA:32,1
DA:33,1
DA:36,1
LF:20
LH:19
BRDA:11,0,0,0
BRDA:11,0,1,1
BRDA:29,1,0,0
BRDA:29,1,1,1
BRF:4
BRH:2
end_of_record
TN:
SF:utils/index.js
FNF:0
FNH:0
DA:1,37
DA:2,37
DA:3,37
DA:5,37
LF:4
LH:4
BRF:0
BRH:0
end_of_record
TN:
SF:utils/calculation/ageOnDate.js
FN:1,(anonymous_0)
FNF:1
FNH:1
FNDA:2,(anonymous_0)
DA:1,38
DA:2,2
DA:3,2
DA:4,2
DA:6,2
LF:5
LH:5
BRF:0
BRH:0
end_of_record
TN:
SF:utils/calculation/index.js
FNF:0
FNH:0
DA:1,37
DA:2,37
DA:4,37
LF:3
LH:3
BRF:0
BRH:0
end_of_record
TN:
SF:utils/calculation/scoringRates.js
FN:1,(anonymous_0)
FNF:1
FNH:1
FNDA:3,(anonymous_0)
DA:1,38
DA:2,3
DA:3,3
DA:4,3
DA:5,3
DA:7,3
DA:8,2
DA:9,2
DA:10,2
DA:11,2
DA:12,2
DA:15,3
LF:12
LH:12
BRDA:7,0,0,2
BRDA:7,0,1,1
BRDA:9,1,0,2
BRDA:9,1,1,2
BRDA:10,2,0,2
BRDA:10,2,1,2
BRDA:11,3,0,2
BRDA:11,3,1,2
BRDA:12,4,0,2
BRDA:12,4,1,2
BRF:10
BRH:10
end_of_record
TN:
SF:utils/date/getCurrentSeason.js
FN:1,(anonymous_0)
FNF:1
FNH:1
FNDA:12,(anonymous_0)
DA:1,38
DA:3,12
DA:4,12
DA:5,12
DA:6,12
DA:8,12
DA:9,5
DA:12,12
LF:8
LH:8
BRDA:1,0,0,2
BRDA:5,1,0,4
BRDA:5,1,1,8
BRDA:6,2,0,6
BRDA:6,2,1,6
BRDA:8,3,0,5
BRDA:8,3,1,7
BRF:7
BRH:7
end_of_record
TN:
SF:utils/date/getMonthName.js
FN:1,(anonymous_0)
FNF:1
FNH:1
FNDA:12,(anonymous_0)
DA:1,38
DA:2,12
DA:3,12
DA:5,12
DA:6,7
DA:8,5
LF:6
LH:6
BRDA:1,0,0,1
BRDA:1,1,0,1
BRDA:5,2,0,7
BRDA:5,2,1,5
BRDA:6,3,0,5
BRDA:6,3,1,2
BRDA:8,4,0,2
BRDA:8,4,1,3
BRF:8
BRH:8
end_of_record
TN:
SF:utils/date/getSeasonStartYear.js
FN:1,(anonymous_0)
FNF:1
FNH:1
FNDA:2,(anonymous_0)
DA:1,38
DA:2,2
DA:3,2
DA:4,1
DA:7,1
LF:5
LH:5
BRDA:3,0,0,1
BRDA:3,0,1,1
BRF:2
BRH:2
end_of_record
TN:
SF:utils/date/index.js
FNF:0
FNH:0
DA:1,37
DA:2,37
DA:3,37
DA:4,37
DA:6,37
LF:5
LH:5
BRF:0
BRH:0
end_of_record
TN:
SF:utils/date/setDateValues.js
FN:1,(anonymous_0)
FNF:1
FNH:1
FNDA:45,(anonymous_0)
DA:1,38
DA:2,45
DA:3,45
DA:4,45
DA:6,45
DA:7,45
DA:9,45
LF:7
LH:7
BRDA:1,0,0,1
BRDA:6,1,0,12
BRDA:6,1,1,33
BRDA:6,2,0,45
BRDA:6,2,1,32
BRDA:7,3,0,16
BRDA:7,3,1,29
BRDA:7,4,0,45
BRDA:7,4,1,32
BRF:9
BRH:9
end_of_record
TN:
SF:utils/request/htmlRequest.js
FN:4,(anonymous_0)
FN:8,(anonymous_1)
FNF:2
FNH:0
FNDA:0,(anonymous_0)
FNDA:0,(anonymous_1)
DA:1,37
DA:2,37
DA:4,37
DA:5,0
DA:8,0
LF:5
LH:3
BRF:0
BRH:0
end_of_record
TN:
SF:utils/request/index.js
FNF:0
FNH:0
DA:1,37
DA:2,37
DA:4,37
LF:3
LH:3
BRF:0
BRH:0
end_of_record
TN:
SF:utils/request/jsonRequest.js
FN:3,(anonymous_0)
FNF:1
FNH:0
FNDA:0,(anonymous_0)
DA:1,37
DA:3,37
DA:4,0
LF:3
LH:2
BRF:0
BRH:0
end_of_record
